[[64, 3, 7, 7], [64], [64], [64, 64, 1, 1], [64], [64], [64, 64, 3, 3], [64], [64], [256, 64, 1, 1], [256], [256], [256, 64, 1, 1], [256], [256], [64, 256, 1, 1], [64], [64], [64, 64, 3, 3], [64], [64], [256, 64, 1, 1], [256], [256], [64, 256, 1, 1], [64], [64], [64, 64, 3, 3], [64], [64], [256, 64, 1, 1], [256], [256], [128, 256, 1, 1], [128], [128], [128, 128, 3, 3], [128], [128], [512, 128, 1, 1], [512], [512], [512, 256, 1, 1], [512], [512], [128, 512, 1, 1], [128], [128], [128, 128, 3, 3], [128], [128], [512, 128, 1, 1], [512], [512], [128, 512, 1, 1], [128], [128], [128, 128, 3, 3], [128], [128], [512, 128, 1, 1], [512], [512], [128, 512, 1, 1], [128], [128], [128, 128, 3, 3], [128], [128], [512, 128, 1, 1], [512], [512], [256, 512, 1, 1], [256], [256], [256, 256, 3, 3], [256], [256], [1024, 256, 1, 1], [1024], [1024], [1024, 512, 1, 1], [1024], [1024], [256, 1024, 1, 1], [256], [256], [256, 256, 3, 3], [256], [256], [1024, 256, 1, 1], [1024], [1024], [256, 1024, 1, 1], [256], [256], [256, 256, 3, 3], [256], [256], [1024, 256, 1, 1], [1024], [1024], [256, 1024, 1, 1], [256], [256], [256, 256, 3, 3], [256], [256], [1024, 256, 1, 1], [1024], [1024], [256, 1024, 1, 1], [256], [256], [256, 256, 3, 3], [256], [256], [1024, 256, 1, 1], [1024], [1024], [256, 1024, 1, 1], [256], [256], [256, 256, 3, 3], [256], [256], [1024, 256, 1, 1], [1024], [1024], [512, 1024, 1, 1], [512], [512], [512, 512, 3, 3], [512], [512], [2048, 512, 1, 1], [2048], [2048], [2048, 1024, 1, 1], [2048], [2048], [512, 2048, 1, 1], [512], [512], [512, 512, 3, 3], [512], [512], [2048, 512, 1, 1], [2048], [2048], [512, 2048, 1, 1], [512], [512], [512, 512, 3, 3], [512], [512], [2048, 512, 1, 1], [2048], [2048], [1000, 2048], [1000], [64], [64], [], [64], [64], [], [64], [64], [], [256], [256], [], [256], [256], [], [64], [64], [], [64], [64], [], [256], [256], [], [64], [64], [], [64], [64], [], [256], [256], [], [128], [128], [], [128], [128], [], [512], [512], [], [512], [512], [], [128], [128], [], [128], [128], [], [512], [512], [], [128], [128], [], [128], [128], [], [512], [512], [], [128], [128], [], [128], [128], [], [512], [512], [], [256], [256], [], [256], [256], [], [1024], [1024], [], [1024], [1024], [], [256], [256], [], [256], [256], [], [1024], [1024], [], [256], [256], [], [256], [256], [], [1024], [1024], [], [256], [256], [], [256], [256], [], [1024], [1024], [], [256], [256], [], [256], [256], [], [1024], [1024], [], [256], [256], [], [256], [256], [], [1024], [1024], [], [512], [512], [], [512], [512], [], [2048], [2048], [], [2048], [2048], [], [512], [512], [], [512], [512], [], [2048], [2048], [], [512], [512], [], [512], [512], [], [2048], [2048], [], [1, 3, 224, 224]]
Node primals_1: Inputs: [], Outputs: [(64, 3, 7, 7)]
Node primals_2: Inputs: [], Outputs: [(64,)]
Node primals_3: Inputs: [], Outputs: [(64,)]
Node primals_4: Inputs: [], Outputs: [(64, 64, 1, 1)]
Node primals_5: Inputs: [], Outputs: [(64,)]
Node primals_6: Inputs: [], Outputs: [(64,)]
Node primals_7: Inputs: [], Outputs: [(64, 64, 3, 3)]
Node primals_8: Inputs: [], Outputs: [(64,)]
Node primals_9: Inputs: [], Outputs: [(64,)]
Node primals_10: Inputs: [], Outputs: [(256, 64, 1, 1)]
Node primals_11: Inputs: [], Outputs: [(256,)]
Node primals_12: Inputs: [], Outputs: [(256,)]
Node primals_13: Inputs: [], Outputs: [(256, 64, 1, 1)]
Node primals_14: Inputs: [], Outputs: [(256,)]
Node primals_15: Inputs: [], Outputs: [(256,)]
Node primals_16: Inputs: [], Outputs: [(64, 256, 1, 1)]
Node primals_17: Inputs: [], Outputs: [(64,)]
Node primals_18: Inputs: [], Outputs: [(64,)]
Node primals_19: Inputs: [], Outputs: [(64, 64, 3, 3)]
Node primals_20: Inputs: [], Outputs: [(64,)]
Node primals_21: Inputs: [], Outputs: [(64,)]
Node primals_22: Inputs: [], Outputs: [(256, 64, 1, 1)]
Node primals_23: Inputs: [], Outputs: [(256,)]
Node primals_24: Inputs: [], Outputs: [(256,)]
Node primals_25: Inputs: [], Outputs: [(64, 256, 1, 1)]
Node primals_26: Inputs: [], Outputs: [(64,)]
Node primals_27: Inputs: [], Outputs: [(64,)]
Node primals_28: Inputs: [], Outputs: [(64, 64, 3, 3)]
Node primals_29: Inputs: [], Outputs: [(64,)]
Node primals_30: Inputs: [], Outputs: [(64,)]
Node primals_31: Inputs: [], Outputs: [(256, 64, 1, 1)]
Node primals_32: Inputs: [], Outputs: [(256,)]
Node primals_33: Inputs: [], Outputs: [(256,)]
Node primals_34: Inputs: [], Outputs: [(128, 256, 1, 1)]
Node primals_35: Inputs: [], Outputs: [(128,)]
Node primals_36: Inputs: [], Outputs: [(128,)]
Node primals_37: Inputs: [], Outputs: [(128, 128, 3, 3)]
Node primals_38: Inputs: [], Outputs: [(128,)]
Node primals_39: Inputs: [], Outputs: [(128,)]
Node primals_40: Inputs: [], Outputs: [(512, 128, 1, 1)]
Node primals_41: Inputs: [], Outputs: [(512,)]
Node primals_42: Inputs: [], Outputs: [(512,)]
Node primals_43: Inputs: [], Outputs: [(512, 256, 1, 1)]
Node primals_44: Inputs: [], Outputs: [(512,)]
Node primals_45: Inputs: [], Outputs: [(512,)]
Node primals_46: Inputs: [], Outputs: [(128, 512, 1, 1)]
Node primals_47: Inputs: [], Outputs: [(128,)]
Node primals_48: Inputs: [], Outputs: [(128,)]
Node primals_49: Inputs: [], Outputs: [(128, 128, 3, 3)]
Node primals_50: Inputs: [], Outputs: [(128,)]
Node primals_51: Inputs: [], Outputs: [(128,)]
Node primals_52: Inputs: [], Outputs: [(512, 128, 1, 1)]
Node primals_53: Inputs: [], Outputs: [(512,)]
Node primals_54: Inputs: [], Outputs: [(512,)]
Node primals_55: Inputs: [], Outputs: [(128, 512, 1, 1)]
Node primals_56: Inputs: [], Outputs: [(128,)]
Node primals_57: Inputs: [], Outputs: [(128,)]
Node primals_58: Inputs: [], Outputs: [(128, 128, 3, 3)]
Node primals_59: Inputs: [], Outputs: [(128,)]
Node primals_60: Inputs: [], Outputs: [(128,)]
Node primals_61: Inputs: [], Outputs: [(512, 128, 1, 1)]
Node primals_62: Inputs: [], Outputs: [(512,)]
Node primals_63: Inputs: [], Outputs: [(512,)]
Node primals_64: Inputs: [], Outputs: [(128, 512, 1, 1)]
Node primals_65: Inputs: [], Outputs: [(128,)]
Node primals_66: Inputs: [], Outputs: [(128,)]
Node primals_67: Inputs: [], Outputs: [(128, 128, 3, 3)]
Node primals_68: Inputs: [], Outputs: [(128,)]
Node primals_69: Inputs: [], Outputs: [(128,)]
Node primals_70: Inputs: [], Outputs: [(512, 128, 1, 1)]
Node primals_71: Inputs: [], Outputs: [(512,)]
Node primals_72: Inputs: [], Outputs: [(512,)]
Node primals_73: Inputs: [], Outputs: [(256, 512, 1, 1)]
Node primals_74: Inputs: [], Outputs: [(256,)]
Node primals_75: Inputs: [], Outputs: [(256,)]
Node primals_76: Inputs: [], Outputs: [(256, 256, 3, 3)]
Node primals_77: Inputs: [], Outputs: [(256,)]
Node primals_78: Inputs: [], Outputs: [(256,)]
Node primals_79: Inputs: [], Outputs: [(1024, 256, 1, 1)]
Node primals_80: Inputs: [], Outputs: [(1024,)]
Node primals_81: Inputs: [], Outputs: [(1024,)]
Node primals_82: Inputs: [], Outputs: [(1024, 512, 1, 1)]
Node primals_83: Inputs: [], Outputs: [(1024,)]
Node primals_84: Inputs: [], Outputs: [(1024,)]
Node primals_85: Inputs: [], Outputs: [(256, 1024, 1, 1)]
Node primals_86: Inputs: [], Outputs: [(256,)]
Node primals_87: Inputs: [], Outputs: [(256,)]
Node primals_88: Inputs: [], Outputs: [(256, 256, 3, 3)]
Node primals_89: Inputs: [], Outputs: [(256,)]
Node primals_90: Inputs: [], Outputs: [(256,)]
Node primals_91: Inputs: [], Outputs: [(1024, 256, 1, 1)]
Node primals_92: Inputs: [], Outputs: [(1024,)]
Node primals_93: Inputs: [], Outputs: [(1024,)]
Node primals_94: Inputs: [], Outputs: [(256, 1024, 1, 1)]
Node primals_95: Inputs: [], Outputs: [(256,)]
Node primals_96: Inputs: [], Outputs: [(256,)]
Node primals_97: Inputs: [], Outputs: [(256, 256, 3, 3)]
Node primals_98: Inputs: [], Outputs: [(256,)]
Node primals_99: Inputs: [], Outputs: [(256,)]
Node primals_100: Inputs: [], Outputs: [(1024, 256, 1, 1)]
Node primals_101: Inputs: [], Outputs: [(1024,)]
Node primals_102: Inputs: [], Outputs: [(1024,)]
Node primals_103: Inputs: [], Outputs: [(256, 1024, 1, 1)]
Node primals_104: Inputs: [], Outputs: [(256,)]
Node primals_105: Inputs: [], Outputs: [(256,)]
Node primals_106: Inputs: [], Outputs: [(256, 256, 3, 3)]
Node primals_107: Inputs: [], Outputs: [(256,)]
Node primals_108: Inputs: [], Outputs: [(256,)]
Node primals_109: Inputs: [], Outputs: [(1024, 256, 1, 1)]
Node primals_110: Inputs: [], Outputs: [(1024,)]
Node primals_111: Inputs: [], Outputs: [(1024,)]
Node primals_112: Inputs: [], Outputs: [(256, 1024, 1, 1)]
Node primals_113: Inputs: [], Outputs: [(256,)]
Node primals_114: Inputs: [], Outputs: [(256,)]
Node primals_115: Inputs: [], Outputs: [(256, 256, 3, 3)]
Node primals_116: Inputs: [], Outputs: [(256,)]
Node primals_117: Inputs: [], Outputs: [(256,)]
Node primals_118: Inputs: [], Outputs: [(1024, 256, 1, 1)]
Node primals_119: Inputs: [], Outputs: [(1024,)]
Node primals_120: Inputs: [], Outputs: [(1024,)]
Node primals_121: Inputs: [], Outputs: [(256, 1024, 1, 1)]
Node primals_122: Inputs: [], Outputs: [(256,)]
Node primals_123: Inputs: [], Outputs: [(256,)]
Node primals_124: Inputs: [], Outputs: [(256, 256, 3, 3)]
Node primals_125: Inputs: [], Outputs: [(256,)]
Node primals_126: Inputs: [], Outputs: [(256,)]
Node primals_127: Inputs: [], Outputs: [(1024, 256, 1, 1)]
Node primals_128: Inputs: [], Outputs: [(1024,)]
Node primals_129: Inputs: [], Outputs: [(1024,)]
Node primals_130: Inputs: [], Outputs: [(512, 1024, 1, 1)]
Node primals_131: Inputs: [], Outputs: [(512,)]
Node primals_132: Inputs: [], Outputs: [(512,)]
Node primals_133: Inputs: [], Outputs: [(512, 512, 3, 3)]
Node primals_134: Inputs: [], Outputs: [(512,)]
Node primals_135: Inputs: [], Outputs: [(512,)]
Node primals_136: Inputs: [], Outputs: [(2048, 512, 1, 1)]
Node primals_137: Inputs: [], Outputs: [(2048,)]
Node primals_138: Inputs: [], Outputs: [(2048,)]
Node primals_139: Inputs: [], Outputs: [(2048, 1024, 1, 1)]
Node primals_140: Inputs: [], Outputs: [(2048,)]
Node primals_141: Inputs: [], Outputs: [(2048,)]
Node primals_142: Inputs: [], Outputs: [(512, 2048, 1, 1)]
Node primals_143: Inputs: [], Outputs: [(512,)]
Node primals_144: Inputs: [], Outputs: [(512,)]
Node primals_145: Inputs: [], Outputs: [(512, 512, 3, 3)]
Node primals_146: Inputs: [], Outputs: [(512,)]
Node primals_147: Inputs: [], Outputs: [(512,)]
Node primals_148: Inputs: [], Outputs: [(2048, 512, 1, 1)]
Node primals_149: Inputs: [], Outputs: [(2048,)]
Node primals_150: Inputs: [], Outputs: [(2048,)]
Node primals_151: Inputs: [], Outputs: [(512, 2048, 1, 1)]
Node primals_152: Inputs: [], Outputs: [(512,)]
Node primals_153: Inputs: [], Outputs: [(512,)]
Node primals_154: Inputs: [], Outputs: [(512, 512, 3, 3)]
Node primals_155: Inputs: [], Outputs: [(512,)]
Node primals_156: Inputs: [], Outputs: [(512,)]
Node primals_157: Inputs: [], Outputs: [(2048, 512, 1, 1)]
Node primals_158: Inputs: [], Outputs: [(2048,)]
Node primals_159: Inputs: [], Outputs: [(2048,)]
Node primals_160: Inputs: [], Outputs: [(1000, 2048)]
Node primals_161: Inputs: [], Outputs: [(1000,)]
Node primals_162: Inputs: [], Outputs: [(64,)]
Node primals_163: Inputs: [], Outputs: [(64,)]
Node primals_164: Inputs: [], Outputs: [()]
Node primals_165: Inputs: [], Outputs: [(64,)]
Node primals_166: Inputs: [], Outputs: [(64,)]
Node primals_167: Inputs: [], Outputs: [()]
Node primals_168: Inputs: [], Outputs: [(64,)]
Node primals_169: Inputs: [], Outputs: [(64,)]
Node primals_170: Inputs: [], Outputs: [()]
Node primals_171: Inputs: [], Outputs: [(256,)]
Node primals_172: Inputs: [], Outputs: [(256,)]
Node primals_173: Inputs: [], Outputs: [()]
Node primals_174: Inputs: [], Outputs: [(256,)]
Node primals_175: Inputs: [], Outputs: [(256,)]
Node primals_176: Inputs: [], Outputs: [()]
Node primals_177: Inputs: [], Outputs: [(64,)]
Node primals_178: Inputs: [], Outputs: [(64,)]
Node primals_179: Inputs: [], Outputs: [()]
Node primals_180: Inputs: [], Outputs: [(64,)]
Node primals_181: Inputs: [], Outputs: [(64,)]
Node primals_182: Inputs: [], Outputs: [()]
Node primals_183: Inputs: [], Outputs: [(256,)]
Node primals_184: Inputs: [], Outputs: [(256,)]
Node primals_185: Inputs: [], Outputs: [()]
Node primals_186: Inputs: [], Outputs: [(64,)]
Node primals_187: Inputs: [], Outputs: [(64,)]
Node primals_188: Inputs: [], Outputs: [()]
Node primals_189: Inputs: [], Outputs: [(64,)]
Node primals_190: Inputs: [], Outputs: [(64,)]
Node primals_191: Inputs: [], Outputs: [()]
Node primals_192: Inputs: [], Outputs: [(256,)]
Node primals_193: Inputs: [], Outputs: [(256,)]
Node primals_194: Inputs: [], Outputs: [()]
Node primals_195: Inputs: [], Outputs: [(128,)]
Node primals_196: Inputs: [], Outputs: [(128,)]
Node primals_197: Inputs: [], Outputs: [()]
Node primals_198: Inputs: [], Outputs: [(128,)]
Node primals_199: Inputs: [], Outputs: [(128,)]
Node primals_200: Inputs: [], Outputs: [()]
Node primals_201: Inputs: [], Outputs: [(512,)]
Node primals_202: Inputs: [], Outputs: [(512,)]
Node primals_203: Inputs: [], Outputs: [()]
Node primals_204: Inputs: [], Outputs: [(512,)]
Node primals_205: Inputs: [], Outputs: [(512,)]
Node primals_206: Inputs: [], Outputs: [()]
Node primals_207: Inputs: [], Outputs: [(128,)]
Node primals_208: Inputs: [], Outputs: [(128,)]
Node primals_209: Inputs: [], Outputs: [()]
Node primals_210: Inputs: [], Outputs: [(128,)]
Node primals_211: Inputs: [], Outputs: [(128,)]
Node primals_212: Inputs: [], Outputs: [()]
Node primals_213: Inputs: [], Outputs: [(512,)]
Node primals_214: Inputs: [], Outputs: [(512,)]
Node primals_215: Inputs: [], Outputs: [()]
Node primals_216: Inputs: [], Outputs: [(128,)]
Node primals_217: Inputs: [], Outputs: [(128,)]
Node primals_218: Inputs: [], Outputs: [()]
Node primals_219: Inputs: [], Outputs: [(128,)]
Node primals_220: Inputs: [], Outputs: [(128,)]
Node primals_221: Inputs: [], Outputs: [()]
Node primals_222: Inputs: [], Outputs: [(512,)]
Node primals_223: Inputs: [], Outputs: [(512,)]
Node primals_224: Inputs: [], Outputs: [()]
Node primals_225: Inputs: [], Outputs: [(128,)]
Node primals_226: Inputs: [], Outputs: [(128,)]
Node primals_227: Inputs: [], Outputs: [()]
Node primals_228: Inputs: [], Outputs: [(128,)]
Node primals_229: Inputs: [], Outputs: [(128,)]
Node primals_230: Inputs: [], Outputs: [()]
Node primals_231: Inputs: [], Outputs: [(512,)]
Node primals_232: Inputs: [], Outputs: [(512,)]
Node primals_233: Inputs: [], Outputs: [()]
Node primals_234: Inputs: [], Outputs: [(256,)]
Node primals_235: Inputs: [], Outputs: [(256,)]
Node primals_236: Inputs: [], Outputs: [()]
Node primals_237: Inputs: [], Outputs: [(256,)]
Node primals_238: Inputs: [], Outputs: [(256,)]
Node primals_239: Inputs: [], Outputs: [()]
Node primals_240: Inputs: [], Outputs: [(1024,)]
Node primals_241: Inputs: [], Outputs: [(1024,)]
Node primals_242: Inputs: [], Outputs: [()]
Node primals_243: Inputs: [], Outputs: [(1024,)]
Node primals_244: Inputs: [], Outputs: [(1024,)]
Node primals_245: Inputs: [], Outputs: [()]
Node primals_246: Inputs: [], Outputs: [(256,)]
Node primals_247: Inputs: [], Outputs: [(256,)]
Node primals_248: Inputs: [], Outputs: [()]
Node primals_249: Inputs: [], Outputs: [(256,)]
Node primals_250: Inputs: [], Outputs: [(256,)]
Node primals_251: Inputs: [], Outputs: [()]
Node primals_252: Inputs: [], Outputs: [(1024,)]
Node primals_253: Inputs: [], Outputs: [(1024,)]
Node primals_254: Inputs: [], Outputs: [()]
Node primals_255: Inputs: [], Outputs: [(256,)]
Node primals_256: Inputs: [], Outputs: [(256,)]
Node primals_257: Inputs: [], Outputs: [()]
Node primals_258: Inputs: [], Outputs: [(256,)]
Node primals_259: Inputs: [], Outputs: [(256,)]
Node primals_260: Inputs: [], Outputs: [()]
Node primals_261: Inputs: [], Outputs: [(1024,)]
Node primals_262: Inputs: [], Outputs: [(1024,)]
Node primals_263: Inputs: [], Outputs: [()]
Node primals_264: Inputs: [], Outputs: [(256,)]
Node primals_265: Inputs: [], Outputs: [(256,)]
Node primals_266: Inputs: [], Outputs: [()]
Node primals_267: Inputs: [], Outputs: [(256,)]
Node primals_268: Inputs: [], Outputs: [(256,)]
Node primals_269: Inputs: [], Outputs: [()]
Node primals_270: Inputs: [], Outputs: [(1024,)]
Node primals_271: Inputs: [], Outputs: [(1024,)]
Node primals_272: Inputs: [], Outputs: [()]
Node primals_273: Inputs: [], Outputs: [(256,)]
Node primals_274: Inputs: [], Outputs: [(256,)]
Node primals_275: Inputs: [], Outputs: [()]
Node primals_276: Inputs: [], Outputs: [(256,)]
Node primals_277: Inputs: [], Outputs: [(256,)]
Node primals_278: Inputs: [], Outputs: [()]
Node primals_279: Inputs: [], Outputs: [(1024,)]
Node primals_280: Inputs: [], Outputs: [(1024,)]
Node primals_281: Inputs: [], Outputs: [()]
Node primals_282: Inputs: [], Outputs: [(256,)]
Node primals_283: Inputs: [], Outputs: [(256,)]
Node primals_284: Inputs: [], Outputs: [()]
Node primals_285: Inputs: [], Outputs: [(256,)]
Node primals_286: Inputs: [], Outputs: [(256,)]
Node primals_287: Inputs: [], Outputs: [()]
Node primals_288: Inputs: [], Outputs: [(1024,)]
Node primals_289: Inputs: [], Outputs: [(1024,)]
Node primals_290: Inputs: [], Outputs: [()]
Node primals_291: Inputs: [], Outputs: [(512,)]
Node primals_292: Inputs: [], Outputs: [(512,)]
Node primals_293: Inputs: [], Outputs: [()]
Node primals_294: Inputs: [], Outputs: [(512,)]
Node primals_295: Inputs: [], Outputs: [(512,)]
Node primals_296: Inputs: [], Outputs: [()]
Node primals_297: Inputs: [], Outputs: [(2048,)]
Node primals_298: Inputs: [], Outputs: [(2048,)]
Node primals_299: Inputs: [], Outputs: [()]
Node primals_300: Inputs: [], Outputs: [(2048,)]
Node primals_301: Inputs: [], Outputs: [(2048,)]
Node primals_302: Inputs: [], Outputs: [()]
Node primals_303: Inputs: [], Outputs: [(512,)]
Node primals_304: Inputs: [], Outputs: [(512,)]
Node primals_305: Inputs: [], Outputs: [()]
Node primals_306: Inputs: [], Outputs: [(512,)]
Node primals_307: Inputs: [], Outputs: [(512,)]
Node primals_308: Inputs: [], Outputs: [()]
Node primals_309: Inputs: [], Outputs: [(2048,)]
Node primals_310: Inputs: [], Outputs: [(2048,)]
Node primals_311: Inputs: [], Outputs: [()]
Node primals_312: Inputs: [], Outputs: [(512,)]
Node primals_313: Inputs: [], Outputs: [(512,)]
Node primals_314: Inputs: [], Outputs: [()]
Node primals_315: Inputs: [], Outputs: [(512,)]
Node primals_316: Inputs: [], Outputs: [(512,)]
Node primals_317: Inputs: [], Outputs: [()]
Node primals_318: Inputs: [], Outputs: [(2048,)]
Node primals_319: Inputs: [], Outputs: [(2048,)]
Node primals_320: Inputs: [], Outputs: [()]
Node primals_321: Inputs: [], Outputs: [(1, 3, 224, 224)]
