[[64, 3, 7, 7], [64], [64], [64, 64, 1, 1], [64], [64], [64, 64, 3, 3], [64], [64], [256, 64, 1, 1], [256], [256], [256, 64, 1, 1], [256], [256], [64, 256, 1, 1], [64], [64], [64, 64, 3, 3], [64], [64], [256, 64, 1, 1], [256], [256], [64, 256, 1, 1], [64], [64], [64, 64, 3, 3], [64], [64], [256, 64, 1, 1], [256], [256], [128, 256, 1, 1], [128], [128], [128, 128, 3, 3], [128], [128], [512, 128, 1, 1], [512], [512], [512, 256, 1, 1], [512], [512], [128, 512, 1, 1], [128], [128], [128, 128, 3, 3], [128], [128], [512, 128, 1, 1], [512], [512], [128, 512, 1, 1], [128], [128], [128, 128, 3, 3], [128], [128], [512, 128, 1, 1], [512], [512], [128, 512, 1, 1], [128], [128], [128, 128, 3, 3], [128], [128], [512, 128, 1, 1], [512], [512], [256, 512, 1, 1], [256], [256], [256, 256, 3, 3], [256], [256], [1024, 256, 1, 1], [1024], [1024], [1024, 512, 1, 1], [1024], [1024], [256, 1024, 1, 1], [256], [256], [256, 256, 3, 3], [256], [256], [1024, 256, 1, 1], [1024], [1024], [256, 1024, 1, 1], [256], [256], [256, 256, 3, 3], [256], [256], [1024, 256, 1, 1], [1024], [1024], [256, 1024, 1, 1], [256], [256], [256, 256, 3, 3], [256], [256], [1024, 256, 1, 1], [1024], [1024], [256, 1024, 1, 1], [256], [256], [256, 256, 3, 3], [256], [256], [1024, 256, 1, 1], [1024], [1024], [256, 1024, 1, 1], [256], [256], [256, 256, 3, 3], [256], [256], [1024, 256, 1, 1], [1024], [1024], [512, 1024, 1, 1], [512], [512], [512, 512, 3, 3], [512], [512], [2048, 512, 1, 1], [2048], [2048], [2048, 1024, 1, 1], [2048], [2048], [512, 2048, 1, 1], [512], [512], [512, 512, 3, 3], [512], [512], [2048, 512, 1, 1], [2048], [2048], [512, 2048, 1, 1], [512], [512], [512, 512, 3, 3], [512], [512], [2048, 512, 1, 1], [2048], [2048], [1000, 2048], [1000], [64], [64], [], [64], [64], [], [64], [64], [], [256], [256], [], [256], [256], [], [64], [64], [], [64], [64], [], [256], [256], [], [64], [64], [], [64], [64], [], [256], [256], [], [128], [128], [], [128], [128], [], [512], [512], [], [512], [512], [], [128], [128], [], [128], [128], [], [512], [512], [], [128], [128], [], [128], [128], [], [512], [512], [], [128], [128], [], [128], [128], [], [512], [512], [], [256], [256], [], [256], [256], [], [1024], [1024], [], [1024], [1024], [], [256], [256], [], [256], [256], [], [1024], [1024], [], [256], [256], [], [256], [256], [], [1024], [1024], [], [256], [256], [], [256], [256], [], [1024], [1024], [], [256], [256], [], [256], [256], [], [1024], [1024], [], [256], [256], [], [256], [256], [], [1024], [1024], [], [512], [512], [], [512], [512], [], [2048], [2048], [], [2048], [2048], [], [512], [512], [], [512], [512], [], [2048], [2048], [], [512], [512], [], [512], [512], [], [2048], [2048], [], [1, 3, 224, 224]]
>>>>>>> inputs 
tensor(0.7817) tensor(1.8070e-11)
tensor(0.5083) tensor(1.1246e-08)
tensor(0.8481) tensor(3.9217e-08)
tensor(0.7266) tensor(2.6148e-11)
tensor(0.3749) tensor(1.1805e-08)
tensor(0.5289) tensor(6.4411e-08)
tensor(0.4679) tensor(2.7413e-12)
tensor(0.2718) tensor(9.5639e-09)
tensor(0.5250) tensor(4.7086e-08)
tensor(0.3936) tensor(1.0812e-11)
tensor(0.3888) tensor(9.5138e-09)
tensor(0.3074) tensor(1.1174e-07)
tensor(0.9879) tensor(1.2654e-11)
tensor(0.4561) tensor(1.0182e-08)
tensor(0.3074) tensor(1.1174e-07)
tensor(0.2618) tensor(7.5762e-13)
tensor(0.3410) tensor(1.2985e-09)
tensor(0.4051) tensor(6.0297e-08)
tensor(0.5201) tensor(4.7359e-12)
tensor(0.3002) tensor(0.1189)
tensor(0.3349) tensor(0.0002)
tensor(0.2946) tensor(1.3090e-10)
tensor(0.2751) tensor(7.9670e-08)
tensor(0.1560) tensor(2.8872e-07)
tensor(0.1921) tensor(1.0748e-11)
tensor(0.2446) tensor(0.0998)
tensor(0.1918) tensor(0.0105)
tensor(0.2856) tensor(5.7924e-07)
tensor(0.3154) tensor(0.1159)
tensor(0.3410) tensor(0.0025)
tensor(0.2752) tensor(1.9111e-06)
tensor(0.3755) tensor(2.4634e-05)
tensor(0.1969) tensor(9.1795e-05)
tensor(0.3532) tensor(6.7758e-06)
tensor(0.3512) tensor(0.1076)
tensor(0.3035) tensor(0.0008)
tensor(0.2993) tensor(7.4368e-08)
tensor(0.2907) tensor(0.1448)
tensor(0.3161) tensor(0.0007)
tensor(0.3917) tensor(5.5088e-11)
tensor(0.3281) tensor(3.0899e-10)
tensor(0.1982) tensor(6.0001e-08)
tensor(0.5662) tensor(5.1404e-12)
tensor(0.3732) tensor(5.8966e-09)
tensor(0.1982) tensor(6.0001e-08)
tensor(0.2522) tensor(1.4427e-11)
tensor(0.2188) tensor(0.0506)
tensor(0.3854) tensor(0.0003)
tensor(0.2998) tensor(9.4583e-08)
tensor(0.2867) tensor(0.0797)
tensor(0.1976) tensor(0.0005)
tensor(0.3038) tensor(4.0165e-11)
tensor(0.3909) tensor(1.7509e-06)
tensor(0.2384) tensor(8.9617e-07)
tensor(0.2383) tensor(1.1024e-09)
tensor(0.2403) tensor(0.1067)
tensor(0.2680) tensor(0.0006)
tensor(0.2556) tensor(3.5333e-08)
tensor(0.2537) tensor(0.1083)
tensor(0.2805) tensor(0.0027)
tensor(0.3522) tensor(2.4298e-07)
tensor(0.3287) tensor(0.0012)
tensor(0.2691) tensor(0.0002)
tensor(0.2814) tensor(5.3535e-07)
tensor(0.2389) tensor(0.1190)
tensor(0.2346) tensor(0.0002)
tensor(0.2210) tensor(5.5992e-08)
tensor(0.2589) tensor(0.1212)
tensor(0.2776) tensor(0.0010)
tensor(0.2956) tensor(3.7300e-08)
tensor(0.3164) tensor(9.7018e-05)
tensor(0.2126) tensor(7.0849e-06)
tensor(0.3425) tensor(1.7031e-07)
tensor(0.3157) tensor(0.1448)
tensor(0.3787) tensor(0.0012)
tensor(0.2008) tensor(1.6211e-09)
tensor(0.3224) tensor(0.1270)
tensor(0.2682) tensor(0.0002)
tensor(0.3212) tensor(1.6692e-10)
tensor(0.3461) tensor(3.4851e-08)
tensor(0.1626) tensor(3.1366e-07)
tensor(0.3460) tensor(2.0460e-11)
tensor(0.2978) tensor(2.0514e-08)
tensor(0.1626) tensor(3.1366e-07)
tensor(0.2942) tensor(1.2873e-12)
tensor(0.3033) tensor(0.0954)
tensor(0.1747) tensor(7.9651e-05)
tensor(0.2634) tensor(1.1926e-08)
tensor(0.4189) tensor(0.1018)
tensor(0.3843) tensor(0.0003)
tensor(0.4969) tensor(8.2580e-09)
tensor(0.4109) tensor(2.6205e-06)
tensor(0.2147) tensor(1.6253e-05)
tensor(0.2715) tensor(7.0781e-09)
tensor(0.2366) tensor(0.0980)
tensor(0.2316) tensor(0.0002)
tensor(0.2100) tensor(5.5246e-08)
tensor(0.3183) tensor(0.0969)
tensor(0.2202) tensor(5.1496e-05)
tensor(0.3538) tensor(2.0182e-08)
tensor(0.2462) tensor(2.6285e-07)
tensor(0.2626) tensor(4.6412e-05)
tensor(0.2390) tensor(2.8464e-09)
tensor(0.2447) tensor(0.0954)
tensor(0.2594) tensor(9.4090e-05)
tensor(0.2792) tensor(6.3353e-08)
tensor(0.2592) tensor(0.0968)
tensor(0.2083) tensor(0.0003)
tensor(0.3126) tensor(2.4987e-09)
tensor(0.2944) tensor(1.5591e-07)
tensor(0.2252) tensor(4.1303e-05)
tensor(0.2722) tensor(1.6828e-08)
tensor(0.2689) tensor(0.0949)
tensor(0.3245) tensor(0.0004)
tensor(0.1919) tensor(4.3719e-08)
tensor(0.2586) tensor(0.0994)
tensor(0.3299) tensor(0.0016)
tensor(0.3161) tensor(7.2651e-08)
tensor(0.2351) tensor(0.0008)
tensor(0.3161) tensor(0.0002)
tensor(0.3995) tensor(6.2478e-07)
tensor(0.2944) tensor(0.0897)
tensor(0.3144) tensor(0.0010)
tensor(0.2236) tensor(1.2358e-08)
tensor(0.5254) tensor(0.1242)
tensor(0.3993) tensor(0.0016)
tensor(0.3288) tensor(3.0848e-08)
tensor(0.3007) tensor(0.0014)
tensor(0.3708) tensor(0.0004)
tensor(0.3415) tensor(8.1691e-08)
tensor(0.2941) tensor(0.1067)
tensor(0.3502) tensor(0.0251)
tensor(0.3993) tensor(2.5481e-09)
tensor(0.2958) tensor(0.1493)
tensor(0.1875) tensor(0.0002)
tensor(0.3546) tensor(1.6020e-08)
tensor(0.6395) tensor(0.0344)
tensor(0.2057) tensor(7.9552e-05)
tensor(0.6413) tensor(1.2786e-08)
tensor(0.8983) tensor(0.1118)
tensor(0.2057) tensor(7.9552e-05)
tensor(0.7003) tensor(3.0563e-08)
tensor(0.2910) tensor(0.0942)
tensor(0.3197) tensor(0.0051)
tensor(0.2257) tensor(1.1336e-08)
tensor(0.3054) tensor(0.1473)
tensor(0.3477) tensor(0.0002)
tensor(0.2427) tensor(3.8902e-08)
tensor(0.7637) tensor(0.1297)
tensor(0.2212) tensor(0.0008)
tensor(0.4541) tensor(1.1729e-08)
tensor(0.4865) tensor(0.1128)
tensor(0.3347) tensor(0.0047)
tensor(0.1416) tensor(3.4570e-09)
tensor(0.3290) tensor(0.1344)
tensor(0.2939) tensor(0.0052)
tensor(0.2798) tensor(3.9324e-09)
tensor(1.3205) tensor(0.1124)
tensor(0.1884) tensor(2.0343e-05)
tensor(0.7371) tensor(1.6151e-08)
tensor(0.0371) tensor(8.9190e-06)
tensor(0.0884) tensor(5.0542e-09)
tensor(14.2340) tensor(2.9161e-12)
tensor(0) tensor(0)
tensor(1.2380) tensor(2.8477e-09)
tensor(0.2284) tensor(5.3741e-16)
tensor(0) tensor(0)
tensor(0.6626) tensor(2.5439e-08)
tensor(0.1373) tensor(3.8467e-16)
tensor(0) tensor(0)
tensor(0.2383) tensor(3.8884e-09)
tensor(0.0355) tensor(1.2622e-14)
tensor(0) tensor(0)
tensor(1.6355) tensor(6.5531e-08)
tensor(0.3562) tensor(4.7380e-14)
tensor(0) tensor(0)
tensor(0.4735) tensor(5.5225e-09)
tensor(0.0645) tensor(4.5354e-16)
tensor(0) tensor(0)
tensor(0.3118) tensor(1.2023e-05)
tensor(0.0222) tensor(0.0049)
tensor(0) tensor(0)
tensor(0.1179) tensor(7.5132e-08)
tensor(0.0064) tensor(7.1199e-15)
tensor(0) tensor(0)
tensor(0.5747) tensor(0.0003)
tensor(0.0376) tensor(0.0043)
tensor(0) tensor(0)
tensor(0.2349) tensor(6.1095e-05)
tensor(0.0295) tensor(0.0049)
tensor(0) tensor(0)
tensor(0.1243) tensor(3.5393e-05)
tensor(0.0061) tensor(5.5702e-05)
tensor(0) tensor(0)
tensor(0.4003) tensor(0.0042)
tensor(0.1562) tensor(0.0034)
tensor(0) tensor(0)
tensor(0.4391) tensor(0.0004)
tensor(0.0873) tensor(0.0130)
tensor(0) tensor(0)
tensor(0.2885) tensor(1.2731e-09)
tensor(0.0155) tensor(6.2058e-16)
tensor(0) tensor(0)
tensor(0.4977) tensor(1.1972e-10)
tensor(0.1076) tensor(1.1773e-15)
tensor(0) tensor(0)
tensor(0.3226) tensor(0.0013)
tensor(0.4243) tensor(0.0021)
tensor(0) tensor(0)
tensor(0.6699) tensor(0.0026)
tensor(0.0713) tensor(0.0028)
tensor(0) tensor(0)
tensor(0.2042) tensor(5.4322e-07)
tensor(0.0143) tensor(6.2257e-13)
tensor(0) tensor(0)
tensor(0.3427) tensor(0.0007)
tensor(0.1115) tensor(0.0099)
tensor(0) tensor(0)
tensor(0.3456) tensor(0.0005)
tensor(0.0525) tensor(0.0072)
tensor(0) tensor(0)
tensor(0.1040) tensor(1.2713e-05)
tensor(0.0087) tensor(0.0001)
tensor(0) tensor(0)
tensor(0.2771) tensor(0.0031)
tensor(0.0423) tensor(0.0094)
tensor(0) tensor(0)
tensor(0.4644) tensor(0.0002)
tensor(0.0449) tensor(0.0080)
tensor(0) tensor(0)
tensor(0.1420) tensor(9.6527e-05)
tensor(0.0048) tensor(5.6514e-05)
tensor(0) tensor(0)
tensor(0.3908) tensor(0.0018)
tensor(0.0843) tensor(0.0157)
tensor(0) tensor(0)
tensor(0.2804) tensor(0.0001)
tensor(0.0997) tensor(0.0156)
tensor(0) tensor(0)
tensor(0.3210) tensor(1.9360e-08)
tensor(0.0148) tensor(1.9765e-14)
tensor(0) tensor(0)
tensor(0.3130) tensor(3.7231e-09)
tensor(0.0415) tensor(2.1243e-14)
tensor(0) tensor(0)
tensor(0.8834) tensor(0.0013)
tensor(0.0744) tensor(0.0085)
tensor(0) tensor(0)
tensor(0.8972) tensor(7.9523e-05)
tensor(0.0703) tensor(0.0093)
tensor(0) tensor(0)
tensor(0.1548) tensor(1.5024e-06)
tensor(0.0118) tensor(2.1791e-11)
tensor(0) tensor(0)
tensor(0.2197) tensor(0.0004)
tensor(0.0498) tensor(0.0081)
tensor(0) tensor(0)
tensor(0.3430) tensor(0.0006)
tensor(0.0574) tensor(0.0072)
tensor(0) tensor(0)
tensor(0.1149) tensor(1.5713e-06)
tensor(0.0061) tensor(7.4061e-11)
tensor(0) tensor(0)
tensor(0.2628) tensor(0.0002)
tensor(0.0475) tensor(0.0086)
tensor(0) tensor(0)
tensor(0.3767) tensor(0.0006)
tensor(0.0459) tensor(0.0053)
tensor(0) tensor(0)
tensor(0.0749) tensor(1.0553e-06)
tensor(0.0074) tensor(3.1253e-11)
tensor(0) tensor(0)
tensor(0.2411) tensor(0.0004)
tensor(0.0309) tensor(0.0083)
tensor(0) tensor(0)
tensor(0.2887) tensor(0.0013)
tensor(0.0268) tensor(0.0052)
tensor(0) tensor(0)
tensor(0.1141) tensor(1.2643e-05)
tensor(0.0046) tensor(7.4413e-05)
tensor(0) tensor(0)
tensor(0.1836) tensor(0.0002)
tensor(0.0443) tensor(0.0080)
tensor(0) tensor(0)
tensor(0.2366) tensor(0.0019)
tensor(0.0565) tensor(0.0057)
tensor(0) tensor(0)
tensor(0.1127) tensor(3.0708e-05)
tensor(0.0148) tensor(0.0002)
tensor(0) tensor(0)
tensor(0.2086) tensor(0.0017)
tensor(0.0330) tensor(0.0081)
tensor(0) tensor(0)
tensor(0.3134) tensor(0.0020)
tensor(0.2141) tensor(0.0085)
tensor(0) tensor(0)
tensor(0.2255) tensor(1.9454e-05)
tensor(0.0188) tensor(0.0002)
tensor(0) tensor(0)
tensor(0.0990) tensor(3.6356e-06)
tensor(0.0243) tensor(0.0003)
tensor(0) tensor(0)
tensor(1.1245) tensor(0.0061)
tensor(0.4355) tensor(0.0889)
tensor(0) tensor(0)
tensor(0.4489) tensor(0.0009)
tensor(0.0488) tensor(0.0082)
tensor(0) tensor(0)
tensor(0.1685) tensor(7.0615e-07)
tensor(0.0077) tensor(0.0002)
tensor(0) tensor(0)
tensor(2.2972) tensor(0.0034)
tensor(1.2090) tensor(0.1893)
tensor(0) tensor(0)
tensor(0.1481) tensor(0.0189)
tensor(0.0237) tensor(0.0077)
tensor(0) tensor(0)
tensor(0.0472) tensor(9.6544e-07)
tensor(0.0037) tensor(4.5840e-05)
tensor(0) tensor(0)
tensor(3.9043, dtype=torch.float16) tensor(0., dtype=torch.float16)
>>>>>>> outputs 
tensor(0.0889, dtype=torch.float16) tensor(0., dtype=torch.float16)
tensor(inf, dtype=torch.float16) tensor(0., dtype=torch.float16)
tensor(1) tensor(1)
tensor(1.2959, dtype=torch.float16) tensor(0., dtype=torch.float16)
tensor(0.2102, dtype=torch.float16) tensor(0., dtype=torch.float16)
tensor(1) tensor(1)
tensor(0.6631, dtype=torch.float16) tensor(0., dtype=torch.float16)
tensor(0.1381, dtype=torch.float16) tensor(0., dtype=torch.float16)
tensor(1) tensor(1)
tensor(0.2385, dtype=torch.float16) tensor(0., dtype=torch.float16)
tensor(0.0335, dtype=torch.float16) tensor(0., dtype=torch.float16)
tensor(1) tensor(1)
tensor(1.7090, dtype=torch.float16) tensor(5.9605e-08, dtype=torch.float16)
tensor(0.3237, dtype=torch.float16) tensor(0., dtype=torch.float16)
tensor(1) tensor(1)
tensor(0.4788, dtype=torch.float16) tensor(0., dtype=torch.float16)
tensor(0.0724, dtype=torch.float16) tensor(0., dtype=torch.float16)
tensor(1) tensor(1)
tensor(0.3113, dtype=torch.float16) tensor(0.0004, dtype=torch.float16)
tensor(0.0243, dtype=torch.float16) tensor(0.0051, dtype=torch.float16)
tensor(1) tensor(1)
tensor(0.1179, dtype=torch.float16) tensor(5.9605e-08, dtype=torch.float16)
tensor(0.0061, dtype=torch.float16) tensor(0., dtype=torch.float16)
tensor(1) tensor(1)
tensor(0.5869, dtype=torch.float16) tensor(0.0016, dtype=torch.float16)
tensor(0.0476, dtype=torch.float16) tensor(0.0052, dtype=torch.float16)
tensor(1) tensor(1)
tensor(0.2346, dtype=torch.float16) tensor(0.0003, dtype=torch.float16)
tensor(0.0307, dtype=torch.float16) tensor(0.0046, dtype=torch.float16)
tensor(1) tensor(1)
tensor(0.1255, dtype=torch.float16) tensor(2.0325e-05, dtype=torch.float16)
tensor(0.0061, dtype=torch.float16) tensor(5.3346e-05, dtype=torch.float16)
tensor(1) tensor(1)
tensor(0.4077, dtype=torch.float16) tensor(0.0069, dtype=torch.float16)
tensor(0.1957, dtype=torch.float16) tensor(0.0036, dtype=torch.float16)
tensor(1) tensor(1)
tensor(0.4404, dtype=torch.float16) tensor(0.0004, dtype=torch.float16)
tensor(0.0822, dtype=torch.float16) tensor(0.0122, dtype=torch.float16)
tensor(1) tensor(1)
tensor(0.2898, dtype=torch.float16) tensor(0., dtype=torch.float16)
tensor(0.0154, dtype=torch.float16) tensor(0., dtype=torch.float16)
tensor(1) tensor(1)
tensor(0.5107, dtype=torch.float16) tensor(0., dtype=torch.float16)
tensor(0.1078, dtype=torch.float16) tensor(0., dtype=torch.float16)
tensor(1) tensor(1)
tensor(0.3228, dtype=torch.float16) tensor(0.0016, dtype=torch.float16)
tensor(0.4155, dtype=torch.float16) tensor(0.0021, dtype=torch.float16)
tensor(1) tensor(1)
tensor(0.6704, dtype=torch.float16) tensor(0.0027, dtype=torch.float16)
tensor(0.0840, dtype=torch.float16) tensor(0.0027, dtype=torch.float16)
tensor(1) tensor(1)
tensor(0.2056, dtype=torch.float16) tensor(5.3644e-07, dtype=torch.float16)
tensor(0.0152, dtype=torch.float16) tensor(0., dtype=torch.float16)
tensor(1) tensor(1)
tensor(0.3433, dtype=torch.float16) tensor(0.0007, dtype=torch.float16)
tensor(0.1095, dtype=torch.float16) tensor(0.0102, dtype=torch.float16)
tensor(1) tensor(1)
tensor(0.3457, dtype=torch.float16) tensor(0.0004, dtype=torch.float16)
tensor(0.0508, dtype=torch.float16) tensor(0.0074, dtype=torch.float16)
tensor(1) tensor(1)
tensor(0.1044, dtype=torch.float16) tensor(9.4116e-05, dtype=torch.float16)
tensor(0.0093, dtype=torch.float16) tensor(0.0001, dtype=torch.float16)
tensor(1) tensor(1)
tensor(0.2764, dtype=torch.float16) tensor(0.0027, dtype=torch.float16)
tensor(0.0406, dtype=torch.float16) tensor(0.0108, dtype=torch.float16)
tensor(1) tensor(1)
tensor(0.4644, dtype=torch.float16) tensor(0.0002, dtype=torch.float16)
tensor(0.0424, dtype=torch.float16) tensor(0.0081, dtype=torch.float16)
tensor(1) tensor(1)
tensor(0.1427, dtype=torch.float16) tensor(1.3053e-05, dtype=torch.float16)
tensor(0.0045, dtype=torch.float16) tensor(5.6207e-05, dtype=torch.float16)
tensor(1) tensor(1)
tensor(0.3918, dtype=torch.float16) tensor(0.0012, dtype=torch.float16)
tensor(0.0819, dtype=torch.float16) tensor(0.0156, dtype=torch.float16)
tensor(1) tensor(1)
tensor(0.2817, dtype=torch.float16) tensor(0.0001, dtype=torch.float16)
tensor(0.0944, dtype=torch.float16) tensor(0.0148, dtype=torch.float16)
tensor(1) tensor(1)
tensor(0.3208, dtype=torch.float16) tensor(0., dtype=torch.float16)
tensor(0.0149, dtype=torch.float16) tensor(0., dtype=torch.float16)
tensor(1) tensor(1)
tensor(0.3137, dtype=torch.float16) tensor(0., dtype=torch.float16)
tensor(0.0387, dtype=torch.float16) tensor(0., dtype=torch.float16)
tensor(1) tensor(1)
tensor(0.8779, dtype=torch.float16) tensor(0.0013, dtype=torch.float16)
tensor(0.0802, dtype=torch.float16) tensor(0.0084, dtype=torch.float16)
tensor(1) tensor(1)
tensor(0.8955, dtype=torch.float16) tensor(0.0002, dtype=torch.float16)
tensor(0.0710, dtype=torch.float16) tensor(0.0092, dtype=torch.float16)
tensor(1) tensor(1)
tensor(0.1559, dtype=torch.float16) tensor(1.3709e-06, dtype=torch.float16)
tensor(0.0132, dtype=torch.float16) tensor(0., dtype=torch.float16)
tensor(1) tensor(1)
tensor(0.2173, dtype=torch.float16) tensor(8.7261e-05, dtype=torch.float16)
tensor(0.0489, dtype=torch.float16) tensor(0.0078, dtype=torch.float16)
tensor(1) tensor(1)
tensor(0.3408, dtype=torch.float16) tensor(0.0010, dtype=torch.float16)
tensor(0.0532, dtype=torch.float16) tensor(0.0069, dtype=torch.float16)
tensor(1) tensor(1)
tensor(0.1151, dtype=torch.float16) tensor(1.5497e-06, dtype=torch.float16)
tensor(0.0060, dtype=torch.float16) tensor(0., dtype=torch.float16)
tensor(1) tensor(1)
tensor(0.2588, dtype=torch.float16) tensor(0.0004, dtype=torch.float16)
tensor(0.0463, dtype=torch.float16) tensor(0.0084, dtype=torch.float16)
tensor(1) tensor(1)
tensor(0.3752, dtype=torch.float16) tensor(0.0002, dtype=torch.float16)
tensor(0.0431, dtype=torch.float16) tensor(0.0051, dtype=torch.float16)
tensor(1) tensor(1)
tensor(0.0753, dtype=torch.float16) tensor(1.0729e-06, dtype=torch.float16)
tensor(0.0081, dtype=torch.float16) tensor(0., dtype=torch.float16)
tensor(1) tensor(1)
tensor(0.2377, dtype=torch.float16) tensor(0.0005, dtype=torch.float16)
tensor(0.0304, dtype=torch.float16) tensor(0.0080, dtype=torch.float16)
tensor(1) tensor(1)
tensor(0.2876, dtype=torch.float16) tensor(0.0020, dtype=torch.float16)
tensor(0.0251, dtype=torch.float16) tensor(0.0050, dtype=torch.float16)
tensor(1) tensor(1)
tensor(0.1143, dtype=torch.float16) tensor(5.9307e-05, dtype=torch.float16)
tensor(0.0048, dtype=torch.float16) tensor(7.4208e-05, dtype=torch.float16)
tensor(1) tensor(1)
tensor(0.1819, dtype=torch.float16) tensor(0.0002, dtype=torch.float16)
tensor(0.0431, dtype=torch.float16) tensor(0.0075, dtype=torch.float16)
tensor(1) tensor(1)
tensor(0.2344, dtype=torch.float16) tensor(0.0011, dtype=torch.float16)
tensor(0.0521, dtype=torch.float16) tensor(0.0055, dtype=torch.float16)
tensor(1) tensor(1)
tensor(0.1122, dtype=torch.float16) tensor(3.4034e-05, dtype=torch.float16)
tensor(0.0156, dtype=torch.float16) tensor(0.0002, dtype=torch.float16)
tensor(1) tensor(1)
tensor(0.2041, dtype=torch.float16) tensor(4.7684e-06, dtype=torch.float16)
tensor(0.0333, dtype=torch.float16) tensor(0.0076, dtype=torch.float16)
tensor(1) tensor(1)
tensor(0.3132, dtype=torch.float16) tensor(0.0024, dtype=torch.float16)
tensor(0.2178, dtype=torch.float16) tensor(0.0081, dtype=torch.float16)
tensor(1) tensor(1)
tensor(0.2256, dtype=torch.float16) tensor(1.4544e-05, dtype=torch.float16)
tensor(0.0204, dtype=torch.float16) tensor(0.0002, dtype=torch.float16)
tensor(1) tensor(1)
tensor(0.0990, dtype=torch.float16) tensor(5.3644e-06, dtype=torch.float16)
tensor(0.0235, dtype=torch.float16) tensor(0.0003, dtype=torch.float16)
tensor(1) tensor(1)
tensor(1.1143, dtype=torch.float16) tensor(0.0064, dtype=torch.float16)
tensor(0.4473, dtype=torch.float16) tensor(0.0875, dtype=torch.float16)
tensor(1) tensor(1)
tensor(0.4485, dtype=torch.float16) tensor(0.0006, dtype=torch.float16)
tensor(0.0472, dtype=torch.float16) tensor(0.0078, dtype=torch.float16)
tensor(1) tensor(1)
tensor(0.1703, dtype=torch.float16) tensor(9.5367e-07, dtype=torch.float16)
tensor(0.0082, dtype=torch.float16) tensor(0.0002, dtype=torch.float16)
tensor(1) tensor(1)
tensor(2.2852, dtype=torch.float16) tensor(8.3923e-05, dtype=torch.float16)
tensor(1.2520, dtype=torch.float16) tensor(0.1851, dtype=torch.float16)
tensor(1) tensor(1)
tensor(0.1482, dtype=torch.float16) tensor(0.0219, dtype=torch.float16)
tensor(0.0227, dtype=torch.float16) tensor(0.0073, dtype=torch.float16)
tensor(1) tensor(1)
tensor(0.0479, dtype=torch.float16) tensor(1.4305e-06, dtype=torch.float16)
tensor(0.0039, dtype=torch.float16) tensor(4.6670e-05, dtype=torch.float16)
tensor(1) tensor(1)
tensor(2.0430, dtype=torch.float16) tensor(0.0004, dtype=torch.float16)
tensor(0.7817, dtype=torch.float16) tensor(0., dtype=torch.float16)
tensor(0.5083, dtype=torch.float16) tensor(0., dtype=torch.float16)
tensor(0.7266, dtype=torch.float16) tensor(0., dtype=torch.float16)
tensor(0.3748, dtype=torch.float16) tensor(0., dtype=torch.float16)
tensor(0.4678, dtype=torch.float16) tensor(0., dtype=torch.float16)
tensor(0.2717, dtype=torch.float16) tensor(0., dtype=torch.float16)
tensor(0.3936, dtype=torch.float16) tensor(0., dtype=torch.float16)
tensor(0.3889, dtype=torch.float16) tensor(0., dtype=torch.float16)
tensor(0.9878, dtype=torch.float16) tensor(0., dtype=torch.float16)
tensor(0.4561, dtype=torch.float16) tensor(0., dtype=torch.float16)
tensor(0.2617, dtype=torch.float16) tensor(0., dtype=torch.float16)
tensor(0.3411, dtype=torch.float16) tensor(0., dtype=torch.float16)
tensor(0.5200, dtype=torch.float16) tensor(0., dtype=torch.float16)
tensor(0.3000, dtype=torch.float16) tensor(0.1190, dtype=torch.float16)
tensor(0.2947, dtype=torch.float16) tensor(0., dtype=torch.float16)
tensor(0.2751, dtype=torch.float16) tensor(5.9605e-08, dtype=torch.float16)
tensor(0.1920, dtype=torch.float16) tensor(0., dtype=torch.float16)
tensor(0.2445, dtype=torch.float16) tensor(0.0998, dtype=torch.float16)
tensor(0.2856, dtype=torch.float16) tensor(5.9605e-07, dtype=torch.float16)
tensor(0.3154, dtype=torch.float16) tensor(0.1159, dtype=torch.float16)
tensor(0.2751, dtype=torch.float16) tensor(1.9073e-06, dtype=torch.float16)
tensor(0.3755, dtype=torch.float16) tensor(2.4617e-05, dtype=torch.float16)
tensor(0.3533, dtype=torch.float16) tensor(6.7949e-06, dtype=torch.float16)
tensor(0.3511, dtype=torch.float16) tensor(0.1077, dtype=torch.float16)
tensor(0.2993, dtype=torch.float16) tensor(5.9605e-08, dtype=torch.float16)
tensor(0.2908, dtype=torch.float16) tensor(0.1448, dtype=torch.float16)
tensor(0.3916, dtype=torch.float16) tensor(0., dtype=torch.float16)
tensor(0.3281, dtype=torch.float16) tensor(0., dtype=torch.float16)
tensor(0.5664, dtype=torch.float16) tensor(0., dtype=torch.float16)
tensor(0.3733, dtype=torch.float16) tensor(0., dtype=torch.float16)
tensor(0.2522, dtype=torch.float16) tensor(0., dtype=torch.float16)
tensor(0.2188, dtype=torch.float16) tensor(0.0507, dtype=torch.float16)
tensor(0.2998, dtype=torch.float16) tensor(1.1921e-07, dtype=torch.float16)
tensor(0.2866, dtype=torch.float16) tensor(0.0797, dtype=torch.float16)
tensor(0.3037, dtype=torch.float16) tensor(0., dtype=torch.float16)
tensor(0.3909, dtype=torch.float16) tensor(1.7285e-06, dtype=torch.float16)
tensor(0.2383, dtype=torch.float16) tensor(0., dtype=torch.float16)
tensor(0.2404, dtype=torch.float16) tensor(0.1068, dtype=torch.float16)
tensor(0.2556, dtype=torch.float16) tensor(5.9605e-08, dtype=torch.float16)
tensor(0.2537, dtype=torch.float16) tensor(0.1083, dtype=torch.float16)
tensor(0.3521, dtype=torch.float16) tensor(2.3842e-07, dtype=torch.float16)
tensor(0.3289, dtype=torch.float16) tensor(0.0012, dtype=torch.float16)
tensor(0.2815, dtype=torch.float16) tensor(5.3644e-07, dtype=torch.float16)
tensor(0.2389, dtype=torch.float16) tensor(0.1190, dtype=torch.float16)
tensor(0.2209, dtype=torch.float16) tensor(5.9605e-08, dtype=torch.float16)
tensor(0.2590, dtype=torch.float16) tensor(0.1212, dtype=torch.float16)
tensor(0.2957, dtype=torch.float16) tensor(5.9605e-08, dtype=torch.float16)
tensor(0.3164, dtype=torch.float16) tensor(9.7036e-05, dtype=torch.float16)
tensor(0.3425, dtype=torch.float16) tensor(1.7881e-07, dtype=torch.float16)
tensor(0.3157, dtype=torch.float16) tensor(0.1448, dtype=torch.float16)
tensor(0.2008, dtype=torch.float16) tensor(0., dtype=torch.float16)
tensor(0.3223, dtype=torch.float16) tensor(0.1270, dtype=torch.float16)
tensor(0.3213, dtype=torch.float16) tensor(0., dtype=torch.float16)
tensor(0.3462, dtype=torch.float16) tensor(5.9605e-08, dtype=torch.float16)
tensor(0.3459, dtype=torch.float16) tensor(0., dtype=torch.float16)
tensor(0.2979, dtype=torch.float16) tensor(0., dtype=torch.float16)
tensor(0.2942, dtype=torch.float16) tensor(0., dtype=torch.float16)
tensor(0.3032, dtype=torch.float16) tensor(0.0954, dtype=torch.float16)
tensor(0.2634, dtype=torch.float16) tensor(0., dtype=torch.float16)
tensor(0.4189, dtype=torch.float16) tensor(0.1018, dtype=torch.float16)
tensor(0.4968, dtype=torch.float16) tensor(0., dtype=torch.float16)
tensor(0.4109, dtype=torch.float16) tensor(2.6226e-06, dtype=torch.float16)
tensor(0.2715, dtype=torch.float16) tensor(0., dtype=torch.float16)
tensor(0.2366, dtype=torch.float16) tensor(0.0980, dtype=torch.float16)
tensor(0.2101, dtype=torch.float16) tensor(5.9605e-08, dtype=torch.float16)
tensor(0.3184, dtype=torch.float16) tensor(0.0969, dtype=torch.float16)
tensor(0.3538, dtype=torch.float16) tensor(0., dtype=torch.float16)
tensor(0.2462, dtype=torch.float16) tensor(2.3842e-07, dtype=torch.float16)
tensor(0.2390, dtype=torch.float16) tensor(0., dtype=torch.float16)
tensor(0.2446, dtype=torch.float16) tensor(0.0954, dtype=torch.float16)
tensor(0.2793, dtype=torch.float16) tensor(5.9605e-08, dtype=torch.float16)
tensor(0.2593, dtype=torch.float16) tensor(0.0967, dtype=torch.float16)
tensor(0.3127, dtype=torch.float16) tensor(0., dtype=torch.float16)
tensor(0.2944, dtype=torch.float16) tensor(1.7881e-07, dtype=torch.float16)
tensor(0.2722, dtype=torch.float16) tensor(0., dtype=torch.float16)
tensor(0.2688, dtype=torch.float16) tensor(0.0949, dtype=torch.float16)
tensor(0.1919, dtype=torch.float16) tensor(5.9605e-08, dtype=torch.float16)
tensor(0.2585, dtype=torch.float16) tensor(0.0994, dtype=torch.float16)
tensor(0.3162, dtype=torch.float16) tensor(5.9605e-08, dtype=torch.float16)
tensor(0.2351, dtype=torch.float16) tensor(0.0008, dtype=torch.float16)
tensor(0.3994, dtype=torch.float16) tensor(5.9605e-07, dtype=torch.float16)
tensor(0.2944, dtype=torch.float16) tensor(0.0897, dtype=torch.float16)
tensor(0.2235, dtype=torch.float16) tensor(0., dtype=torch.float16)
tensor(0.5254, dtype=torch.float16) tensor(0.1242, dtype=torch.float16)
tensor(0.3289, dtype=torch.float16) tensor(5.9605e-08, dtype=torch.float16)
tensor(0.3008, dtype=torch.float16) tensor(0.0014, dtype=torch.float16)
tensor(0.3416, dtype=torch.float16) tensor(5.9605e-08, dtype=torch.float16)
tensor(0.2939, dtype=torch.float16) tensor(0.1067, dtype=torch.float16)
tensor(0.3992, dtype=torch.float16) tensor(0., dtype=torch.float16)
tensor(0.2959, dtype=torch.float16) tensor(0.1493, dtype=torch.float16)
tensor(0.3547, dtype=torch.float16) tensor(0., dtype=torch.float16)
tensor(0.6396, dtype=torch.float16) tensor(0.0344, dtype=torch.float16)
tensor(0.6411, dtype=torch.float16) tensor(0., dtype=torch.float16)
tensor(0.8984, dtype=torch.float16) tensor(0.1119, dtype=torch.float16)
tensor(0.7002, dtype=torch.float16) tensor(5.9605e-08, dtype=torch.float16)
tensor(0.2910, dtype=torch.float16) tensor(0.0942, dtype=torch.float16)
tensor(0.2257, dtype=torch.float16) tensor(0., dtype=torch.float16)
tensor(0.3054, dtype=torch.float16) tensor(0.1473, dtype=torch.float16)
tensor(0.2427, dtype=torch.float16) tensor(5.9605e-08, dtype=torch.float16)
tensor(0.7637, dtype=torch.float16) tensor(0.1296, dtype=torch.float16)
tensor(0.4541, dtype=torch.float16) tensor(0., dtype=torch.float16)
tensor(0.4866, dtype=torch.float16) tensor(0.1129, dtype=torch.float16)
tensor(0.1416, dtype=torch.float16) tensor(0., dtype=torch.float16)
tensor(0.3289, dtype=torch.float16) tensor(0.1344, dtype=torch.float16)
tensor(0.2798, dtype=torch.float16) tensor(0., dtype=torch.float16)
tensor(1.3203, dtype=torch.float16) tensor(0.1124, dtype=torch.float16)
tensor(3.9043, dtype=torch.float16) tensor(0., dtype=torch.float16)
tensor(9.6562, dtype=torch.float16) tensor(0., dtype=torch.float16)
tensor(0.0931, dtype=torch.float16) tensor(0., dtype=torch.float16)
tensor(316.2500, dtype=torch.float16) tensor(0., dtype=torch.float16)
tensor(0.0889, dtype=torch.float16) tensor(0., dtype=torch.float16)
tensor(inf, dtype=torch.float16) tensor(0., dtype=torch.float16)
tensor(2.4727, dtype=torch.float16) tensor(0., dtype=torch.float16)
tensor(2.4727, dtype=torch.float16) tensor(0., dtype=torch.float16)
tensor(12543) tensor(0)
tensor(2.3184, dtype=torch.float16) tensor(0., dtype=torch.float16)
tensor(1.8203, dtype=torch.float16) tensor(0., dtype=torch.float16)
tensor(316.2500, dtype=torch.float16) tensor(4.6367, dtype=torch.float16)
tensor(1.2959, dtype=torch.float16) tensor(0., dtype=torch.float16)
tensor(0.2102, dtype=torch.float16) tensor(0., dtype=torch.float16)
tensor(1.3555, dtype=torch.float16) tensor(0., dtype=torch.float16)
tensor(2.7500, dtype=torch.float16) tensor(0., dtype=torch.float16)
tensor(0.6689, dtype=torch.float16) tensor(0., dtype=torch.float16)
tensor(316.2500, dtype=torch.float16) tensor(1.5166, dtype=torch.float16)
tensor(0.6631, dtype=torch.float16) tensor(0., dtype=torch.float16)
tensor(0.1381, dtype=torch.float16) tensor(0., dtype=torch.float16)
tensor(1.3779, dtype=torch.float16) tensor(0., dtype=torch.float16)
tensor(0.5986, dtype=torch.float16) tensor(0., dtype=torch.float16)
tensor(0.2405, dtype=torch.float16) tensor(0., dtype=torch.float16)
tensor(316.2500, dtype=torch.float16) tensor(6.7891, dtype=torch.float16)
tensor(0.2385, dtype=torch.float16) tensor(0., dtype=torch.float16)
tensor(0.0335, dtype=torch.float16) tensor(0., dtype=torch.float16)
tensor(3.0723, dtype=torch.float16) tensor(0., dtype=torch.float16)
tensor(2.3750, dtype=torch.float16) tensor(2.3842e-07, dtype=torch.float16)
tensor(316.2500, dtype=torch.float16) tensor(2.5020, dtype=torch.float16)
tensor(1.7090, dtype=torch.float16) tensor(5.9605e-08, dtype=torch.float16)
tensor(0.3237, dtype=torch.float16) tensor(0., dtype=torch.float16)
tensor(2.2285, dtype=torch.float16) tensor(0., dtype=torch.float16)
tensor(2.1113, dtype=torch.float16) tensor(0., dtype=torch.float16)
tensor(0.5254, dtype=torch.float16) tensor(0., dtype=torch.float16)
tensor(316.2500, dtype=torch.float16) tensor(2.5430, dtype=torch.float16)
tensor(0.4788, dtype=torch.float16) tensor(0., dtype=torch.float16)
tensor(0.0724, dtype=torch.float16) tensor(0., dtype=torch.float16)
tensor(1.3643, dtype=torch.float16) tensor(0., dtype=torch.float16)
tensor(1.3301, dtype=torch.float16) tensor(5.9605e-08, dtype=torch.float16)
tensor(0.3074, dtype=torch.float16) tensor(0.0042, dtype=torch.float16)
tensor(20.6250, dtype=torch.float16) tensor(4.1641, dtype=torch.float16)
tensor(0.3113, dtype=torch.float16) tensor(0.0004, dtype=torch.float16)
tensor(0.0243, dtype=torch.float16) tensor(0.0051, dtype=torch.float16)
tensor(1.6582, dtype=torch.float16) tensor(0., dtype=torch.float16)
tensor(0.5903, dtype=torch.float16) tensor(0., dtype=torch.float16)
tensor(0.1177, dtype=torch.float16) tensor(1.1921e-07, dtype=torch.float16)
tensor(316.2500, dtype=torch.float16) tensor(12.5859, dtype=torch.float16)
tensor(0.1179, dtype=torch.float16) tensor(5.9605e-08, dtype=torch.float16)
tensor(0.0061, dtype=torch.float16) tensor(0., dtype=torch.float16)
tensor(2.6289, dtype=torch.float16) tensor(0., dtype=torch.float16)
tensor(2.1504, dtype=torch.float16) tensor(3.3975e-06, dtype=torch.float16)
tensor(0.7002, dtype=torch.float16) tensor(0.0012, dtype=torch.float16)
tensor(10.7500, dtype=torch.float16) tensor(2.6465, dtype=torch.float16)
tensor(0.5869, dtype=torch.float16) tensor(0.0016, dtype=torch.float16)
tensor(0.0476, dtype=torch.float16) tensor(0.0052, dtype=torch.float16)
tensor(1.3027, dtype=torch.float16) tensor(0., dtype=torch.float16)
tensor(0.8945, dtype=torch.float16) tensor(2.3842e-07, dtype=torch.float16)
tensor(0.2339, dtype=torch.float16) tensor(0.0029, dtype=torch.float16)
tensor(23.0156, dtype=torch.float16) tensor(4.7695, dtype=torch.float16)
tensor(0.2346, dtype=torch.float16) tensor(0.0003, dtype=torch.float16)
tensor(0.0307, dtype=torch.float16) tensor(0.0046, dtype=torch.float16)
tensor(1.3271, dtype=torch.float16) tensor(0., dtype=torch.float16)
tensor(0.3987, dtype=torch.float16) tensor(0., dtype=torch.float16)
tensor(0.1356, dtype=torch.float16) tensor(9.1791e-06, dtype=torch.float16)
tensor(184., dtype=torch.float16) tensor(12.2891, dtype=torch.float16)
tensor(0.1255, dtype=torch.float16) tensor(2.0325e-05, dtype=torch.float16)
tensor(0.0061, dtype=torch.float16) tensor(5.3346e-05, dtype=torch.float16)
tensor(2.6309, dtype=torch.float16) tensor(0., dtype=torch.float16)
tensor(2.6250, dtype=torch.float16) tensor(1.1921e-07, dtype=torch.float16)
tensor(0.4878, dtype=torch.float16) tensor(0.0038, dtype=torch.float16)
tensor(13.8438, dtype=torch.float16) tensor(1.3477, dtype=torch.float16)
tensor(0.4077, dtype=torch.float16) tensor(0.0069, dtype=torch.float16)
tensor(0.1957, dtype=torch.float16) tensor(0.0036, dtype=torch.float16)
tensor(1.7139, dtype=torch.float16) tensor(0., dtype=torch.float16)
tensor(0.9990, dtype=torch.float16) tensor(6.2585e-06, dtype=torch.float16)
tensor(0.4534, dtype=torch.float16) tensor(0.0003, dtype=torch.float16)
tensor(14.1250, dtype=torch.float16) tensor(4.1289, dtype=torch.float16)
tensor(0.4404, dtype=torch.float16) tensor(0.0004, dtype=torch.float16)
tensor(0.0822, dtype=torch.float16) tensor(0.0122, dtype=torch.float16)
tensor(1.1025, dtype=torch.float16) tensor(0., dtype=torch.float16)
tensor(0.5503, dtype=torch.float16) tensor(0., dtype=torch.float16)
tensor(0.3003, dtype=torch.float16) tensor(0., dtype=torch.float16)
tensor(316.2500, dtype=torch.float16) tensor(8.2109, dtype=torch.float16)
tensor(0.2898, dtype=torch.float16) tensor(0., dtype=torch.float16)
tensor(0.0154, dtype=torch.float16) tensor(0., dtype=torch.float16)
tensor(3.6641, dtype=torch.float16) tensor(0., dtype=torch.float16)
tensor(0.6294, dtype=torch.float16) tensor(0., dtype=torch.float16)
tensor(316.2500, dtype=torch.float16) tensor(2.5430, dtype=torch.float16)
tensor(0.5107, dtype=torch.float16) tensor(0., dtype=torch.float16)
tensor(0.1078, dtype=torch.float16) tensor(0., dtype=torch.float16)
tensor(2.7012, dtype=torch.float16) tensor(0., dtype=torch.float16)
tensor(1.8672, dtype=torch.float16) tensor(9.5367e-07, dtype=torch.float16)
tensor(0.3237, dtype=torch.float16) tensor(0.0007, dtype=torch.float16)
tensor(22.5156, dtype=torch.float16) tensor(1.7236, dtype=torch.float16)
tensor(0.3228, dtype=torch.float16) tensor(0.0016, dtype=torch.float16)
tensor(0.4155, dtype=torch.float16) tensor(0.0021, dtype=torch.float16)
tensor(0.8667, dtype=torch.float16) tensor(0., dtype=torch.float16)
tensor(1.6533, dtype=torch.float16) tensor(3.4571e-06, dtype=torch.float16)
tensor(0.6719, dtype=torch.float16) tensor(0.0002, dtype=torch.float16)
tensor(36.0625, dtype=torch.float16) tensor(2.2500, dtype=torch.float16)
tensor(0.6704, dtype=torch.float16) tensor(0.0027, dtype=torch.float16)
tensor(0.0840, dtype=torch.float16) tensor(0.0027, dtype=torch.float16)
tensor(1.2666, dtype=torch.float16) tensor(0., dtype=torch.float16)
tensor(0.6021, dtype=torch.float16) tensor(0., dtype=torch.float16)
tensor(0.2172, dtype=torch.float16) tensor(5.9605e-07, dtype=torch.float16)
tensor(316.2500, dtype=torch.float16) tensor(6.5469, dtype=torch.float16)
tensor(0.2056, dtype=torch.float16) tensor(5.3644e-07, dtype=torch.float16)
tensor(0.0152, dtype=torch.float16) tensor(0., dtype=torch.float16)
tensor(2.4492, dtype=torch.float16) tensor(0., dtype=torch.float16)
tensor(1.6318, dtype=torch.float16) tensor(2.3842e-07, dtype=torch.float16)
tensor(0.4675, dtype=torch.float16) tensor(0.0008, dtype=torch.float16)
tensor(9.5859, dtype=torch.float16) tensor(1.9014, dtype=torch.float16)
tensor(0.3433, dtype=torch.float16) tensor(0.0007, dtype=torch.float16)
tensor(0.1095, dtype=torch.float16) tensor(0.0102, dtype=torch.float16)
tensor(1.4443, dtype=torch.float16) tensor(0., dtype=torch.float16)
tensor(1.0381, dtype=torch.float16) tensor(4.0531e-06, dtype=torch.float16)
tensor(0.3457, dtype=torch.float16) tensor(0.0007, dtype=torch.float16)
tensor(14.2734, dtype=torch.float16) tensor(3.8672, dtype=torch.float16)
tensor(0.3457, dtype=torch.float16) tensor(0.0004, dtype=torch.float16)
tensor(0.0508, dtype=torch.float16) tensor(0.0074, dtype=torch.float16)
tensor(1.0928, dtype=torch.float16) tensor(0., dtype=torch.float16)
tensor(0.4902, dtype=torch.float16) tensor(4.1723e-07, dtype=torch.float16)
tensor(0.1080, dtype=torch.float16) tensor(2.3782e-05, dtype=torch.float16)
tensor(82.4375, dtype=torch.float16) tensor(8.1562, dtype=torch.float16)
tensor(0.1044, dtype=torch.float16) tensor(9.4116e-05, dtype=torch.float16)
tensor(0.0093, dtype=torch.float16) tensor(0.0001, dtype=torch.float16)
tensor(2.9727, dtype=torch.float16) tensor(0., dtype=torch.float16)
tensor(0.9956, dtype=torch.float16) tensor(1.1921e-07, dtype=torch.float16)
tensor(0.2903, dtype=torch.float16) tensor(5.4061e-05, dtype=torch.float16)
tensor(9.3750, dtype=torch.float16) tensor(5.1875, dtype=torch.float16)
tensor(0.2764, dtype=torch.float16) tensor(0.0027, dtype=torch.float16)
tensor(0.0406, dtype=torch.float16) tensor(0.0108, dtype=torch.float16)
tensor(1.0898, dtype=torch.float16) tensor(0., dtype=torch.float16)
tensor(0.8203, dtype=torch.float16) tensor(2.4438e-06, dtype=torch.float16)
tensor(0.4634, dtype=torch.float16) tensor(0.0030, dtype=torch.float16)
tensor(12.3203, dtype=torch.float16) tensor(5.9141, dtype=torch.float16)
tensor(0.4644, dtype=torch.float16) tensor(0.0002, dtype=torch.float16)
tensor(0.0424, dtype=torch.float16) tensor(0.0081, dtype=torch.float16)
tensor(0.8931, dtype=torch.float16) tensor(0., dtype=torch.float16)
tensor(0.3552, dtype=torch.float16) tensor(1.7881e-07, dtype=torch.float16)
tensor(0.1487, dtype=torch.float16) tensor(3.7014e-05, dtype=torch.float16)
tensor(125.1875, dtype=torch.float16) tensor(16.1562, dtype=torch.float16)
tensor(0.1427, dtype=torch.float16) tensor(1.3053e-05, dtype=torch.float16)
tensor(0.0045, dtype=torch.float16) tensor(5.6207e-05, dtype=torch.float16)
tensor(2.9551, dtype=torch.float16) tensor(0., dtype=torch.float16)
tensor(1.6562, dtype=torch.float16) tensor(5.9605e-07, dtype=torch.float16)
tensor(0.3997, dtype=torch.float16) tensor(0.0034, dtype=torch.float16)
tensor(9.2266, dtype=torch.float16) tensor(2.0215, dtype=torch.float16)
tensor(0.3918, dtype=torch.float16) tensor(0.0012, dtype=torch.float16)
tensor(0.0819, dtype=torch.float16) tensor(0.0156, dtype=torch.float16)
tensor(2.5020, dtype=torch.float16) tensor(0., dtype=torch.float16)
tensor(0.8291, dtype=torch.float16) tensor(1.1921e-07, dtype=torch.float16)
tensor(0.2952, dtype=torch.float16) tensor(7.6890e-06, dtype=torch.float16)
tensor(12.6484, dtype=torch.float16) tensor(4.6445, dtype=torch.float16)
tensor(0.2817, dtype=torch.float16) tensor(0.0001, dtype=torch.float16)
tensor(0.0944, dtype=torch.float16) tensor(0.0148, dtype=torch.float16)
tensor(1.3799, dtype=torch.float16) tensor(0., dtype=torch.float16)
tensor(0.7354, dtype=torch.float16) tensor(0., dtype=torch.float16)
tensor(0.3206, dtype=torch.float16) tensor(5.9605e-08, dtype=torch.float16)
tensor(316.2500, dtype=torch.float16) tensor(7.2500, dtype=torch.float16)
tensor(0.3208, dtype=torch.float16) tensor(0., dtype=torch.float16)
tensor(0.0149, dtype=torch.float16) tensor(0., dtype=torch.float16)
tensor(0.9551, dtype=torch.float16) tensor(0., dtype=torch.float16)
tensor(0.3201, dtype=torch.float16) tensor(5.9605e-08, dtype=torch.float16)
tensor(316.2500, dtype=torch.float16) tensor(5.2070, dtype=torch.float16)
tensor(0.3137, dtype=torch.float16) tensor(0., dtype=torch.float16)
tensor(0.0387, dtype=torch.float16) tensor(0., dtype=torch.float16)
tensor(2.3594, dtype=torch.float16) tensor(0., dtype=torch.float16)
tensor(3.3066, dtype=torch.float16) tensor(2.0862e-06, dtype=torch.float16)
tensor(0.8330, dtype=torch.float16) tensor(0.0006, dtype=torch.float16)
tensor(12.0547, dtype=torch.float16) tensor(2.7520, dtype=torch.float16)
tensor(0.8779, dtype=torch.float16) tensor(0.0013, dtype=torch.float16)
tensor(0.0802, dtype=torch.float16) tensor(0.0084, dtype=torch.float16)
tensor(2.9082, dtype=torch.float16) tensor(0., dtype=torch.float16)
tensor(2.3750, dtype=torch.float16) tensor(7.7486e-07, dtype=torch.float16)
tensor(0.8828, dtype=torch.float16) tensor(0.0006, dtype=torch.float16)
tensor(16.0469, dtype=torch.float16) tensor(3.5781, dtype=torch.float16)
tensor(0.8955, dtype=torch.float16) tensor(0.0002, dtype=torch.float16)
tensor(0.0710, dtype=torch.float16) tensor(0.0092, dtype=torch.float16)
tensor(2.3711, dtype=torch.float16) tensor(0., dtype=torch.float16)
tensor(1.7197, dtype=torch.float16) tensor(0., dtype=torch.float16)
tensor(0.1663, dtype=torch.float16) tensor(7.7486e-07, dtype=torch.float16)
tensor(316.2500, dtype=torch.float16) tensor(6.1484, dtype=torch.float16)
tensor(0.1559, dtype=torch.float16) tensor(1.3709e-06, dtype=torch.float16)
tensor(0.0132, dtype=torch.float16) tensor(0., dtype=torch.float16)
tensor(4.8047, dtype=torch.float16) tensor(0., dtype=torch.float16)
tensor(1.0732, dtype=torch.float16) tensor(2.5630e-06, dtype=torch.float16)
tensor(0.1970, dtype=torch.float16) tensor(0.0001, dtype=torch.float16)
tensor(14.4453, dtype=torch.float16) tensor(4.9648, dtype=torch.float16)
tensor(0.2173, dtype=torch.float16) tensor(8.7261e-05, dtype=torch.float16)
tensor(0.0489, dtype=torch.float16) tensor(0.0078, dtype=torch.float16)
tensor(1.4434, dtype=torch.float16) tensor(0., dtype=torch.float16)
tensor(0.6733, dtype=torch.float16) tensor(5.3644e-07, dtype=torch.float16)
tensor(0.3232, dtype=torch.float16) tensor(0.0004, dtype=torch.float16)
tensor(19.0625, dtype=torch.float16) tensor(5.2070, dtype=torch.float16)
tensor(0.3408, dtype=torch.float16) tensor(0.0010, dtype=torch.float16)
tensor(0.0532, dtype=torch.float16) tensor(0.0069, dtype=torch.float16)
tensor(1.4180, dtype=torch.float16) tensor(0., dtype=torch.float16)
tensor(0.5488, dtype=torch.float16) tensor(5.9605e-08, dtype=torch.float16)
tensor(0.1168, dtype=torch.float16) tensor(1.6689e-06, dtype=torch.float16)
tensor(316.2500, dtype=torch.float16) tensor(13.2578, dtype=torch.float16)
tensor(0.1151, dtype=torch.float16) tensor(1.5497e-06, dtype=torch.float16)
tensor(0.0060, dtype=torch.float16) tensor(0., dtype=torch.float16)
tensor(3.5449, dtype=torch.float16) tensor(0., dtype=torch.float16)
tensor(1.3721, dtype=torch.float16) tensor(1.6689e-06, dtype=torch.float16)
tensor(0.2224, dtype=torch.float16) tensor(0.0006, dtype=torch.float16)
tensor(15.0938, dtype=torch.float16) tensor(5.2539, dtype=torch.float16)
tensor(0.2588, dtype=torch.float16) tensor(0.0004, dtype=torch.float16)
tensor(0.0463, dtype=torch.float16) tensor(0.0084, dtype=torch.float16)
tensor(1.6826, dtype=torch.float16) tensor(0., dtype=torch.float16)
tensor(0.8809, dtype=torch.float16) tensor(7.0333e-06, dtype=torch.float16)
tensor(0.3618, dtype=torch.float16) tensor(0.0002, dtype=torch.float16)
tensor(19.5469, dtype=torch.float16) tensor(6.6680, dtype=torch.float16)
tensor(0.3752, dtype=torch.float16) tensor(0.0002, dtype=torch.float16)
tensor(0.0431, dtype=torch.float16) tensor(0.0051, dtype=torch.float16)
tensor(1.5273, dtype=torch.float16) tensor(0., dtype=torch.float16)
tensor(1.4307, dtype=torch.float16) tensor(0., dtype=torch.float16)
tensor(0.0789, dtype=torch.float16) tensor(1.0729e-06, dtype=torch.float16)
tensor(316.2500, dtype=torch.float16) tensor(8.1953, dtype=torch.float16)
tensor(0.0753, dtype=torch.float16) tensor(1.0729e-06, dtype=torch.float16)
tensor(0.0081, dtype=torch.float16) tensor(0., dtype=torch.float16)
tensor(4.3438, dtype=torch.float16) tensor(0., dtype=torch.float16)
tensor(1.3398, dtype=torch.float16) tensor(1.3709e-06, dtype=torch.float16)
tensor(0.2073, dtype=torch.float16) tensor(0.0005, dtype=torch.float16)
tensor(15.0703, dtype=torch.float16) tensor(6.2344, dtype=torch.float16)
tensor(0.2377, dtype=torch.float16) tensor(0.0005, dtype=torch.float16)
tensor(0.0304, dtype=torch.float16) tensor(0.0080, dtype=torch.float16)
tensor(1.7695, dtype=torch.float16) tensor(0., dtype=torch.float16)
tensor(0.8237, dtype=torch.float16) tensor(9.1195e-06, dtype=torch.float16)
tensor(0.2771, dtype=torch.float16) tensor(8.2493e-05, dtype=torch.float16)
tensor(21.0156, dtype=torch.float16) tensor(7.1328, dtype=torch.float16)
tensor(0.2876, dtype=torch.float16) tensor(0.0020, dtype=torch.float16)
tensor(0.0251, dtype=torch.float16) tensor(0.0050, dtype=torch.float16)
tensor(1.3340, dtype=torch.float16) tensor(0., dtype=torch.float16)
tensor(0.3892, dtype=torch.float16) tensor(1.1921e-07, dtype=torch.float16)
tensor(0.1152, dtype=torch.float16) tensor(3.5167e-06, dtype=torch.float16)
tensor(116.3125, dtype=torch.float16) tensor(12.6094, dtype=torch.float16)
tensor(0.1143, dtype=torch.float16) tensor(5.9307e-05, dtype=torch.float16)
tensor(0.0048, dtype=torch.float16) tensor(7.4208e-05, dtype=torch.float16)
tensor(4.5547, dtype=torch.float16) tensor(0., dtype=torch.float16)
tensor(1.9639, dtype=torch.float16) tensor(5.9605e-08, dtype=torch.float16)
tensor(0.1746, dtype=torch.float16) tensor(0.0003, dtype=torch.float16)
tensor(17.7500, dtype=torch.float16) tensor(5.6016, dtype=torch.float16)
tensor(0.1819, dtype=torch.float16) tensor(0.0002, dtype=torch.float16)
tensor(0.0431, dtype=torch.float16) tensor(0.0075, dtype=torch.float16)
tensor(2.8672, dtype=torch.float16) tensor(0., dtype=torch.float16)
tensor(1.7373, dtype=torch.float16) tensor(1.6689e-06, dtype=torch.float16)
tensor(0.2153, dtype=torch.float16) tensor(7.5102e-06, dtype=torch.float16)
tensor(18.4375, dtype=torch.float16) tensor(4.3281, dtype=torch.float16)
tensor(0.2344, dtype=torch.float16) tensor(0.0011, dtype=torch.float16)
tensor(0.0521, dtype=torch.float16) tensor(0.0055, dtype=torch.float16)
tensor(2.6484, dtype=torch.float16) tensor(0., dtype=torch.float16)
tensor(1.4785, dtype=torch.float16) tensor(5.9605e-08, dtype=torch.float16)
tensor(0.1081, dtype=torch.float16) tensor(0.0002, dtype=torch.float16)
tensor(83.7500, dtype=torch.float16) tensor(6.6250, dtype=torch.float16)
tensor(0.1122, dtype=torch.float16) tensor(3.4034e-05, dtype=torch.float16)
tensor(0.0156, dtype=torch.float16) tensor(0.0002, dtype=torch.float16)
tensor(4.8477, dtype=torch.float16) tensor(0., dtype=torch.float16)
tensor(1.5811, dtype=torch.float16) tensor(9.5367e-07, dtype=torch.float16)
tensor(0.1638, dtype=torch.float16) tensor(0.0004, dtype=torch.float16)
tensor(17.5312, dtype=torch.float16) tensor(5.3008, dtype=torch.float16)
tensor(0.2041, dtype=torch.float16) tensor(4.7684e-06, dtype=torch.float16)
tensor(0.0333, dtype=torch.float16) tensor(0.0076, dtype=torch.float16)
tensor(2.3516, dtype=torch.float16) tensor(0., dtype=torch.float16)
tensor(2.7988, dtype=torch.float16) tensor(5.9605e-08, dtype=torch.float16)
tensor(0.3135, dtype=torch.float16) tensor(0.0001, dtype=torch.float16)
tensor(20.1406, dtype=torch.float16) tensor(2.0156, dtype=torch.float16)
tensor(0.3132, dtype=torch.float16) tensor(0.0024, dtype=torch.float16)
tensor(0.2178, dtype=torch.float16) tensor(0.0081, dtype=torch.float16)
tensor(1.6465, dtype=torch.float16) tensor(0., dtype=torch.float16)
tensor(1.1836, dtype=torch.float16) tensor(1.1921e-07, dtype=torch.float16)
tensor(0.2266, dtype=torch.float16) tensor(5.6624e-06, dtype=torch.float16)
tensor(84.1875, dtype=torch.float16) tensor(5.4688, dtype=torch.float16)
tensor(0.2256, dtype=torch.float16) tensor(1.4544e-05, dtype=torch.float16)
tensor(0.0204, dtype=torch.float16) tensor(0.0002, dtype=torch.float16)
tensor(1.5840, dtype=torch.float16) tensor(5.3644e-07, dtype=torch.float16)
tensor(0.0986, dtype=torch.float16) tensor(1.7881e-05, dtype=torch.float16)
tensor(78.4375, dtype=torch.float16) tensor(4.3516, dtype=torch.float16)
tensor(0.0990, dtype=torch.float16) tensor(5.3644e-06, dtype=torch.float16)
tensor(0.0235, dtype=torch.float16) tensor(0.0003, dtype=torch.float16)
tensor(6.4062, dtype=torch.float16) tensor(0., dtype=torch.float16)
tensor(4.2930, dtype=torch.float16) tensor(1.1921e-06, dtype=torch.float16)
tensor(1.0273, dtype=torch.float16) tensor(0.0037, dtype=torch.float16)
tensor(4.7383, dtype=torch.float16) tensor(1.3584, dtype=torch.float16)
tensor(1.1143, dtype=torch.float16) tensor(0.0064, dtype=torch.float16)
tensor(0.4473, dtype=torch.float16) tensor(0.0875, dtype=torch.float16)
tensor(0.8872, dtype=torch.float16) tensor(0., dtype=torch.float16)
tensor(0.8472, dtype=torch.float16) tensor(8.9407e-06, dtype=torch.float16)
tensor(0.4448, dtype=torch.float16) tensor(0.0013, dtype=torch.float16)
tensor(24.0156, dtype=torch.float16) tensor(4.8359, dtype=torch.float16)
tensor(0.4485, dtype=torch.float16) tensor(0.0006, dtype=torch.float16)
tensor(0.0472, dtype=torch.float16) tensor(0.0078, dtype=torch.float16)
tensor(0.6792, dtype=torch.float16) tensor(0., dtype=torch.float16)
tensor(0.4595, dtype=torch.float16) tensor(2.9802e-07, dtype=torch.float16)
tensor(0.1852, dtype=torch.float16) tensor(8.6427e-06, dtype=torch.float16)
tensor(83.1875, dtype=torch.float16) tensor(9., dtype=torch.float16)
tensor(0.1703, dtype=torch.float16) tensor(9.5367e-07, dtype=torch.float16)
tensor(0.0082, dtype=torch.float16) tensor(0.0002, dtype=torch.float16)
tensor(7.8672, dtype=torch.float16) tensor(0., dtype=torch.float16)
tensor(4.3594, dtype=torch.float16) tensor(3.3796e-05, dtype=torch.float16)
tensor(2.1953, dtype=torch.float16) tensor(0.0003, dtype=torch.float16)
tensor(3.5273, dtype=torch.float16) tensor(0.7886, dtype=torch.float16)
tensor(2.2852, dtype=torch.float16) tensor(8.3923e-05, dtype=torch.float16)
tensor(1.2520, dtype=torch.float16) tensor(0.1851, dtype=torch.float16)
tensor(0.9844, dtype=torch.float16) tensor(0., dtype=torch.float16)
tensor(0.3711, dtype=torch.float16) tensor(1.2517e-05, dtype=torch.float16)
tensor(0.1495, dtype=torch.float16) tensor(0.0035, dtype=torch.float16)
tensor(33.1875, dtype=torch.float16) tensor(8.4609, dtype=torch.float16)
tensor(0.1482, dtype=torch.float16) tensor(0.0219, dtype=torch.float16)
tensor(0.0227, dtype=torch.float16) tensor(0.0073, dtype=torch.float16)
tensor(0.6104, dtype=torch.float16) tensor(0., dtype=torch.float16)
tensor(0.3572, dtype=torch.float16) tensor(5.3644e-07, dtype=torch.float16)
tensor(0.0549, dtype=torch.float16) tensor(1.5497e-05, dtype=torch.float16)
tensor(125.7500, dtype=torch.float16) tensor(12.3984, dtype=torch.float16)
tensor(0.0479, dtype=torch.float16) tensor(1.4305e-06, dtype=torch.float16)
tensor(0.0039, dtype=torch.float16) tensor(4.6670e-05, dtype=torch.float16)
tensor(8.8125, dtype=torch.float16) tensor(0., dtype=torch.float16)
tensor(1.1670, dtype=torch.float16) tensor(0.1738, dtype=torch.float16)
tensor(0.7373, dtype=torch.float16) tensor(0., dtype=torch.float16)
[[64, 3, 7, 7], [64], [64, 64, 1, 1], [64], [64, 64, 3, 3], [64], [256, 64, 1, 1], [256], [256, 64, 1, 1], [256], [64, 256, 1, 1], [64], [64, 64, 3, 3], [64], [256, 64, 1, 1], [256], [64, 256, 1, 1], [64], [64, 64, 3, 3], [64], [256, 64, 1, 1], [256], [128, 256, 1, 1], [128], [128, 128, 3, 3], [128], [512, 128, 1, 1], [512], [512, 256, 1, 1], [512], [128, 512, 1, 1], [128], [128, 128, 3, 3], [128], [512, 128, 1, 1], [512], [128, 512, 1, 1], [128], [128, 128, 3, 3], [128], [512, 128, 1, 1], [512], [128, 512, 1, 1], [128], [128, 128, 3, 3], [128], [512, 128, 1, 1], [512], [256, 512, 1, 1], [256], [256, 256, 3, 3], [256], [1024, 256, 1, 1], [1024], [1024, 512, 1, 1], [1024], [256, 1024, 1, 1], [256], [256, 256, 3, 3], [256], [1024, 256, 1, 1], [1024], [256, 1024, 1, 1], [256], [256, 256, 3, 3], [256], [1024, 256, 1, 1], [1024], [256, 1024, 1, 1], [256], [256, 256, 3, 3], [256], [1024, 256, 1, 1], [1024], [256, 1024, 1, 1], [256], [256, 256, 3, 3], [256], [1024, 256, 1, 1], [1024], [256, 1024, 1, 1], [256], [256, 256, 3, 3], [256], [1024, 256, 1, 1], [1024], [512, 1024, 1, 1], [512], [512, 512, 3, 3], [512], [2048, 512, 1, 1], [2048], [2048, 1024, 1, 1], [2048], [512, 2048, 1, 1], [512], [512, 512, 3, 3], [512], [2048, 512, 1, 1], [2048], [512, 2048, 1, 1], [512], [512, 512, 3, 3], [512], [2048, 512, 1, 1], [2048], [1, 3, 224, 224], [1, 64, 112, 112], [64], [64], [64], [64], [1, 64, 112, 112], [1, 64, 56, 56], [1, 64, 56, 56], [1, 64, 56, 56], [64], [64], [64], [64], [1, 64, 56, 56], [1, 64, 56, 56], [64], [64], [64], [64], [1, 64, 56, 56], [1, 256, 56, 56], [256], [256], [256], [256], [1, 256, 56, 56], [256], [256], [256], [256], [1, 256, 56, 56], [1, 64, 56, 56], [64], [64], [64], [64], [1, 64, 56, 56], [1, 64, 56, 56], [64], [64], [64], [64], [1, 64, 56, 56], [1, 256, 56, 56], [256], [256], [256], [256], [1, 256, 56, 56], [1, 64, 56, 56], [64], [64], [64], [64], [1, 64, 56, 56], [1, 64, 56, 56], [64], [64], [64], [64], [1, 64, 56, 56], [1, 256, 56, 56], [256], [256], [256], [256], [1, 256, 56, 56], [1, 128, 56, 56], [128], [128], [128], [128], [1, 128, 56, 56], [1, 128, 28, 28], [128], [128], [128], [128], [1, 128, 28, 28], [1, 512, 28, 28], [512], [512], [512], [512], [1, 512, 28, 28], [512], [512], [512], [512], [1, 512, 28, 28], [1, 128, 28, 28], [128], [128], [128], [128], [1, 128, 28, 28], [1, 128, 28, 28], [128], [128], [128], [128], [1, 128, 28, 28], [1, 512, 28, 28], [512], [512], [512], [512], [1, 512, 28, 28], [1, 128, 28, 28], [128], [128], [128], [128], [1, 128, 28, 28], [1, 128, 28, 28], [128], [128], [128], [128], [1, 128, 28, 28], [1, 512, 28, 28], [512], [512], [512], [512], [1, 512, 28, 28], [1, 128, 28, 28], [128], [128], [128], [128], [1, 128, 28, 28], [1, 128, 28, 28], [128], [128], [128], [128], [1, 128, 28, 28], [1, 512, 28, 28], [512], [512], [512], [512], [1, 512, 28, 28], [1, 256, 28, 28], [256], [256], [256], [256], [1, 256, 28, 28], [1, 256, 14, 14], [256], [256], [256], [256], [1, 256, 14, 14], [1, 1024, 14, 14], [1024], [1024], [1024], [1024], [1, 1024, 14, 14], [1024], [1024], [1024], [1024], [1, 1024, 14, 14], [1, 256, 14, 14], [256], [256], [256], [256], [1, 256, 14, 14], [1, 256, 14, 14], [256], [256], [256], [256], [1, 256, 14, 14], [1, 1024, 14, 14], [1024], [1024], [1024], [1024], [1, 1024, 14, 14], [1, 256, 14, 14], [256], [256], [256], [256], [1, 256, 14, 14], [1, 256, 14, 14], [256], [256], [256], [256], [1, 256, 14, 14], [1, 1024, 14, 14], [1024], [1024], [1024], [1024], [1, 1024, 14, 14], [1, 256, 14, 14], [256], [256], [256], [256], [1, 256, 14, 14], [1, 256, 14, 14], [256], [256], [256], [256], [1, 256, 14, 14], [1, 1024, 14, 14], [1024], [1024], [1024], [1024], [1, 1024, 14, 14], [1, 256, 14, 14], [256], [256], [256], [256], [1, 256, 14, 14], [1, 256, 14, 14], [256], [256], [256], [256], [1, 256, 14, 14], [1, 1024, 14, 14], [1024], [1024], [1024], [1024], [1, 1024, 14, 14], [1, 256, 14, 14], [256], [256], [256], [256], [1, 256, 14, 14], [1, 256, 14, 14], [256], [256], [256], [256], [1, 256, 14, 14], [1, 1024, 14, 14], [1024], [1024], [1024], [1024], [1, 1024, 14, 14], [1, 512, 14, 14], [512], [512], [512], [512], [1, 512, 14, 14], [1, 512, 7, 7], [512], [512], [512], [512], [1, 512, 7, 7], [1, 2048, 7, 7], [2048], [2048], [2048], [2048], [1, 2048, 7, 7], [2048], [2048], [2048], [2048], [1, 2048, 7, 7], [1, 512, 7, 7], [512], [512], [512], [512], [1, 512, 7, 7], [1, 512, 7, 7], [512], [512], [512], [512], [1, 512, 7, 7], [1, 2048, 7, 7], [2048], [2048], [2048], [2048], [1, 2048, 7, 7], [1, 512, 7, 7], [512], [512], [512], [512], [1, 512, 7, 7], [1, 512, 7, 7], [512], [512], [512], [512], [1, 512, 7, 7], [1, 2048, 7, 7], [2048], [2048], [2048], [2048], [1, 2048, 7, 7], [1, 2048], [2048, 1000], [1, 1000]]
>>>>>>> inputs 
tensor(0.7817, dtype=torch.float16) tensor(0., dtype=torch.float16)
tensor(0.5083, dtype=torch.float16) tensor(0., dtype=torch.float16)
tensor(0.7266, dtype=torch.float16) tensor(0., dtype=torch.float16)
tensor(0.3748, dtype=torch.float16) tensor(0., dtype=torch.float16)
tensor(0.4678, dtype=torch.float16) tensor(0., dtype=torch.float16)
tensor(0.2717, dtype=torch.float16) tensor(0., dtype=torch.float16)
tensor(0.3936, dtype=torch.float16) tensor(0., dtype=torch.float16)
tensor(0.3889, dtype=torch.float16) tensor(0., dtype=torch.float16)
tensor(0.9878, dtype=torch.float16) tensor(0., dtype=torch.float16)
tensor(0.4561, dtype=torch.float16) tensor(0., dtype=torch.float16)
tensor(0.2617, dtype=torch.float16) tensor(0., dtype=torch.float16)
tensor(0.3411, dtype=torch.float16) tensor(0., dtype=torch.float16)
tensor(0.5200, dtype=torch.float16) tensor(0., dtype=torch.float16)
tensor(0.3000, dtype=torch.float16) tensor(0.1190, dtype=torch.float16)
tensor(0.2947, dtype=torch.float16) tensor(0., dtype=torch.float16)
tensor(0.2751, dtype=torch.float16) tensor(5.9605e-08, dtype=torch.float16)
tensor(0.1920, dtype=torch.float16) tensor(0., dtype=torch.float16)
tensor(0.2445, dtype=torch.float16) tensor(0.0998, dtype=torch.float16)
tensor(0.2856, dtype=torch.float16) tensor(5.9605e-07, dtype=torch.float16)
tensor(0.3154, dtype=torch.float16) tensor(0.1159, dtype=torch.float16)
tensor(0.2751, dtype=torch.float16) tensor(1.9073e-06, dtype=torch.float16)
tensor(0.3755, dtype=torch.float16) tensor(2.4617e-05, dtype=torch.float16)
tensor(0.3533, dtype=torch.float16) tensor(6.7949e-06, dtype=torch.float16)
tensor(0.3511, dtype=torch.float16) tensor(0.1077, dtype=torch.float16)
tensor(0.2993, dtype=torch.float16) tensor(5.9605e-08, dtype=torch.float16)
tensor(0.2908, dtype=torch.float16) tensor(0.1448, dtype=torch.float16)
tensor(0.3916, dtype=torch.float16) tensor(0., dtype=torch.float16)
tensor(0.3281, dtype=torch.float16) tensor(0., dtype=torch.float16)
tensor(0.5664, dtype=torch.float16) tensor(0., dtype=torch.float16)
tensor(0.3733, dtype=torch.float16) tensor(0., dtype=torch.float16)
tensor(0.2522, dtype=torch.float16) tensor(0., dtype=torch.float16)
tensor(0.2188, dtype=torch.float16) tensor(0.0507, dtype=torch.float16)
tensor(0.2998, dtype=torch.float16) tensor(1.1921e-07, dtype=torch.float16)
tensor(0.2866, dtype=torch.float16) tensor(0.0797, dtype=torch.float16)
tensor(0.3037, dtype=torch.float16) tensor(0., dtype=torch.float16)
tensor(0.3909, dtype=torch.float16) tensor(1.7285e-06, dtype=torch.float16)
tensor(0.2383, dtype=torch.float16) tensor(0., dtype=torch.float16)
tensor(0.2404, dtype=torch.float16) tensor(0.1068, dtype=torch.float16)
tensor(0.2556, dtype=torch.float16) tensor(5.9605e-08, dtype=torch.float16)
tensor(0.2537, dtype=torch.float16) tensor(0.1083, dtype=torch.float16)
tensor(0.3521, dtype=torch.float16) tensor(2.3842e-07, dtype=torch.float16)
tensor(0.3289, dtype=torch.float16) tensor(0.0012, dtype=torch.float16)
tensor(0.2815, dtype=torch.float16) tensor(5.3644e-07, dtype=torch.float16)
tensor(0.2389, dtype=torch.float16) tensor(0.1190, dtype=torch.float16)
tensor(0.2209, dtype=torch.float16) tensor(5.9605e-08, dtype=torch.float16)
tensor(0.2590, dtype=torch.float16) tensor(0.1212, dtype=torch.float16)
tensor(0.2957, dtype=torch.float16) tensor(5.9605e-08, dtype=torch.float16)
tensor(0.3164, dtype=torch.float16) tensor(9.7036e-05, dtype=torch.float16)
tensor(0.3425, dtype=torch.float16) tensor(1.7881e-07, dtype=torch.float16)
tensor(0.3157, dtype=torch.float16) tensor(0.1448, dtype=torch.float16)
tensor(0.2008, dtype=torch.float16) tensor(0., dtype=torch.float16)
tensor(0.3223, dtype=torch.float16) tensor(0.1270, dtype=torch.float16)
tensor(0.3213, dtype=torch.float16) tensor(0., dtype=torch.float16)
tensor(0.3462, dtype=torch.float16) tensor(5.9605e-08, dtype=torch.float16)
tensor(0.3459, dtype=torch.float16) tensor(0., dtype=torch.float16)
tensor(0.2979, dtype=torch.float16) tensor(0., dtype=torch.float16)
tensor(0.2942, dtype=torch.float16) tensor(0., dtype=torch.float16)
tensor(0.3032, dtype=torch.float16) tensor(0.0954, dtype=torch.float16)
tensor(0.2634, dtype=torch.float16) tensor(0., dtype=torch.float16)
tensor(0.4189, dtype=torch.float16) tensor(0.1018, dtype=torch.float16)
tensor(0.4968, dtype=torch.float16) tensor(0., dtype=torch.float16)
tensor(0.4109, dtype=torch.float16) tensor(2.6226e-06, dtype=torch.float16)
tensor(0.2715, dtype=torch.float16) tensor(0., dtype=torch.float16)
tensor(0.2366, dtype=torch.float16) tensor(0.0980, dtype=torch.float16)
tensor(0.2101, dtype=torch.float16) tensor(5.9605e-08, dtype=torch.float16)
tensor(0.3184, dtype=torch.float16) tensor(0.0969, dtype=torch.float16)
tensor(0.3538, dtype=torch.float16) tensor(0., dtype=torch.float16)
tensor(0.2462, dtype=torch.float16) tensor(2.3842e-07, dtype=torch.float16)
tensor(0.2390, dtype=torch.float16) tensor(0., dtype=torch.float16)
tensor(0.2446, dtype=torch.float16) tensor(0.0954, dtype=torch.float16)
tensor(0.2793, dtype=torch.float16) tensor(5.9605e-08, dtype=torch.float16)
tensor(0.2593, dtype=torch.float16) tensor(0.0967, dtype=torch.float16)
tensor(0.3127, dtype=torch.float16) tensor(0., dtype=torch.float16)
tensor(0.2944, dtype=torch.float16) tensor(1.7881e-07, dtype=torch.float16)
tensor(0.2722, dtype=torch.float16) tensor(0., dtype=torch.float16)
tensor(0.2688, dtype=torch.float16) tensor(0.0949, dtype=torch.float16)
tensor(0.1919, dtype=torch.float16) tensor(5.9605e-08, dtype=torch.float16)
tensor(0.2585, dtype=torch.float16) tensor(0.0994, dtype=torch.float16)
tensor(0.3162, dtype=torch.float16) tensor(5.9605e-08, dtype=torch.float16)
tensor(0.2351, dtype=torch.float16) tensor(0.0008, dtype=torch.float16)
tensor(0.3994, dtype=torch.float16) tensor(5.9605e-07, dtype=torch.float16)
tensor(0.2944, dtype=torch.float16) tensor(0.0897, dtype=torch.float16)
tensor(0.2235, dtype=torch.float16) tensor(0., dtype=torch.float16)
tensor(0.5254, dtype=torch.float16) tensor(0.1242, dtype=torch.float16)
tensor(0.3289, dtype=torch.float16) tensor(5.9605e-08, dtype=torch.float16)
tensor(0.3008, dtype=torch.float16) tensor(0.0014, dtype=torch.float16)
tensor(0.3416, dtype=torch.float16) tensor(5.9605e-08, dtype=torch.float16)
tensor(0.2939, dtype=torch.float16) tensor(0.1067, dtype=torch.float16)
tensor(0.3992, dtype=torch.float16) tensor(0., dtype=torch.float16)
tensor(0.2959, dtype=torch.float16) tensor(0.1493, dtype=torch.float16)
tensor(0.3547, dtype=torch.float16) tensor(0., dtype=torch.float16)
tensor(0.6396, dtype=torch.float16) tensor(0.0344, dtype=torch.float16)
tensor(0.6411, dtype=torch.float16) tensor(0., dtype=torch.float16)
tensor(0.8984, dtype=torch.float16) tensor(0.1119, dtype=torch.float16)
tensor(0.7002, dtype=torch.float16) tensor(5.9605e-08, dtype=torch.float16)
tensor(0.2910, dtype=torch.float16) tensor(0.0942, dtype=torch.float16)
tensor(0.2257, dtype=torch.float16) tensor(0., dtype=torch.float16)
tensor(0.3054, dtype=torch.float16) tensor(0.1473, dtype=torch.float16)
tensor(0.2427, dtype=torch.float16) tensor(5.9605e-08, dtype=torch.float16)
tensor(0.7637, dtype=torch.float16) tensor(0.1296, dtype=torch.float16)
tensor(0.4541, dtype=torch.float16) tensor(0., dtype=torch.float16)
tensor(0.4866, dtype=torch.float16) tensor(0.1129, dtype=torch.float16)
tensor(0.1416, dtype=torch.float16) tensor(0., dtype=torch.float16)
tensor(0.3289, dtype=torch.float16) tensor(0.1344, dtype=torch.float16)
tensor(0.2798, dtype=torch.float16) tensor(0., dtype=torch.float16)
tensor(1.3203, dtype=torch.float16) tensor(0.1124, dtype=torch.float16)
tensor(3.9043, dtype=torch.float16) tensor(0., dtype=torch.float16)
tensor(9.6562, dtype=torch.float16) tensor(0., dtype=torch.float16)
tensor(0.0931, dtype=torch.float16) tensor(0., dtype=torch.float16)
tensor(316.2500, dtype=torch.float16) tensor(0., dtype=torch.float16)
tensor(0.0889, dtype=torch.float16) tensor(0., dtype=torch.float16)
tensor(inf, dtype=torch.float16) tensor(0., dtype=torch.float16)
tensor(2.4727, dtype=torch.float16) tensor(0., dtype=torch.float16)
tensor(2.4727, dtype=torch.float16) tensor(0., dtype=torch.float16)
tensor(12543) tensor(0)
tensor(2.3184, dtype=torch.float16) tensor(0., dtype=torch.float16)
tensor(1.8203, dtype=torch.float16) tensor(0., dtype=torch.float16)
tensor(316.2500, dtype=torch.float16) tensor(4.6367, dtype=torch.float16)
tensor(1.2959, dtype=torch.float16) tensor(0., dtype=torch.float16)
tensor(0.2102, dtype=torch.float16) tensor(0., dtype=torch.float16)
tensor(1.3555, dtype=torch.float16) tensor(0., dtype=torch.float16)
tensor(2.7500, dtype=torch.float16) tensor(0., dtype=torch.float16)
tensor(0.6689, dtype=torch.float16) tensor(0., dtype=torch.float16)
tensor(316.2500, dtype=torch.float16) tensor(1.5166, dtype=torch.float16)
tensor(0.6631, dtype=torch.float16) tensor(0., dtype=torch.float16)
tensor(0.1381, dtype=torch.float16) tensor(0., dtype=torch.float16)
tensor(1.3779, dtype=torch.float16) tensor(0., dtype=torch.float16)
tensor(0.5986, dtype=torch.float16) tensor(0., dtype=torch.float16)
tensor(0.2405, dtype=torch.float16) tensor(0., dtype=torch.float16)
tensor(316.2500, dtype=torch.float16) tensor(6.7891, dtype=torch.float16)
tensor(0.2385, dtype=torch.float16) tensor(0., dtype=torch.float16)
tensor(0.0335, dtype=torch.float16) tensor(0., dtype=torch.float16)
tensor(3.0723, dtype=torch.float16) tensor(0., dtype=torch.float16)
tensor(2.3750, dtype=torch.float16) tensor(2.3842e-07, dtype=torch.float16)
tensor(316.2500, dtype=torch.float16) tensor(2.5020, dtype=torch.float16)
tensor(1.7090, dtype=torch.float16) tensor(5.9605e-08, dtype=torch.float16)
tensor(0.3237, dtype=torch.float16) tensor(0., dtype=torch.float16)
tensor(2.2285, dtype=torch.float16) tensor(0., dtype=torch.float16)
tensor(2.1113, dtype=torch.float16) tensor(0., dtype=torch.float16)
tensor(0.5254, dtype=torch.float16) tensor(0., dtype=torch.float16)
tensor(316.2500, dtype=torch.float16) tensor(2.5430, dtype=torch.float16)
tensor(0.4788, dtype=torch.float16) tensor(0., dtype=torch.float16)
tensor(0.0724, dtype=torch.float16) tensor(0., dtype=torch.float16)
tensor(1.3643, dtype=torch.float16) tensor(0., dtype=torch.float16)
tensor(1.3301, dtype=torch.float16) tensor(5.9605e-08, dtype=torch.float16)
tensor(0.3074, dtype=torch.float16) tensor(0.0042, dtype=torch.float16)
tensor(20.6250, dtype=torch.float16) tensor(4.1641, dtype=torch.float16)
tensor(0.3113, dtype=torch.float16) tensor(0.0004, dtype=torch.float16)
tensor(0.0243, dtype=torch.float16) tensor(0.0051, dtype=torch.float16)
tensor(1.6582, dtype=torch.float16) tensor(0., dtype=torch.float16)
tensor(0.5903, dtype=torch.float16) tensor(0., dtype=torch.float16)
tensor(0.1177, dtype=torch.float16) tensor(1.1921e-07, dtype=torch.float16)
tensor(316.2500, dtype=torch.float16) tensor(12.5859, dtype=torch.float16)
tensor(0.1179, dtype=torch.float16) tensor(5.9605e-08, dtype=torch.float16)
tensor(0.0061, dtype=torch.float16) tensor(0., dtype=torch.float16)
tensor(2.6289, dtype=torch.float16) tensor(0., dtype=torch.float16)
tensor(2.1504, dtype=torch.float16) tensor(3.3975e-06, dtype=torch.float16)
tensor(0.7002, dtype=torch.float16) tensor(0.0012, dtype=torch.float16)
tensor(10.7500, dtype=torch.float16) tensor(2.6465, dtype=torch.float16)
tensor(0.5869, dtype=torch.float16) tensor(0.0016, dtype=torch.float16)
tensor(0.0476, dtype=torch.float16) tensor(0.0052, dtype=torch.float16)
tensor(1.3027, dtype=torch.float16) tensor(0., dtype=torch.float16)
tensor(0.8945, dtype=torch.float16) tensor(2.3842e-07, dtype=torch.float16)
tensor(0.2339, dtype=torch.float16) tensor(0.0029, dtype=torch.float16)
tensor(23.0156, dtype=torch.float16) tensor(4.7695, dtype=torch.float16)
tensor(0.2346, dtype=torch.float16) tensor(0.0003, dtype=torch.float16)
tensor(0.0307, dtype=torch.float16) tensor(0.0046, dtype=torch.float16)
tensor(1.3271, dtype=torch.float16) tensor(0., dtype=torch.float16)
tensor(0.3987, dtype=torch.float16) tensor(0., dtype=torch.float16)
tensor(0.1356, dtype=torch.float16) tensor(9.1791e-06, dtype=torch.float16)
tensor(184., dtype=torch.float16) tensor(12.2891, dtype=torch.float16)
tensor(0.1255, dtype=torch.float16) tensor(2.0325e-05, dtype=torch.float16)
tensor(0.0061, dtype=torch.float16) tensor(5.3346e-05, dtype=torch.float16)
tensor(2.6309, dtype=torch.float16) tensor(0., dtype=torch.float16)
tensor(2.6250, dtype=torch.float16) tensor(1.1921e-07, dtype=torch.float16)
tensor(0.4878, dtype=torch.float16) tensor(0.0038, dtype=torch.float16)
tensor(13.8438, dtype=torch.float16) tensor(1.3477, dtype=torch.float16)
tensor(0.4077, dtype=torch.float16) tensor(0.0069, dtype=torch.float16)
tensor(0.1957, dtype=torch.float16) tensor(0.0036, dtype=torch.float16)
tensor(1.7139, dtype=torch.float16) tensor(0., dtype=torch.float16)
tensor(0.9990, dtype=torch.float16) tensor(6.2585e-06, dtype=torch.float16)
tensor(0.4534, dtype=torch.float16) tensor(0.0003, dtype=torch.float16)
tensor(14.1250, dtype=torch.float16) tensor(4.1289, dtype=torch.float16)
tensor(0.4404, dtype=torch.float16) tensor(0.0004, dtype=torch.float16)
tensor(0.0822, dtype=torch.float16) tensor(0.0122, dtype=torch.float16)
tensor(1.1025, dtype=torch.float16) tensor(0., dtype=torch.float16)
tensor(0.5503, dtype=torch.float16) tensor(0., dtype=torch.float16)
tensor(0.3003, dtype=torch.float16) tensor(0., dtype=torch.float16)
tensor(316.2500, dtype=torch.float16) tensor(8.2109, dtype=torch.float16)
tensor(0.2898, dtype=torch.float16) tensor(0., dtype=torch.float16)
tensor(0.0154, dtype=torch.float16) tensor(0., dtype=torch.float16)
tensor(3.6641, dtype=torch.float16) tensor(0., dtype=torch.float16)
tensor(0.6294, dtype=torch.float16) tensor(0., dtype=torch.float16)
tensor(316.2500, dtype=torch.float16) tensor(2.5430, dtype=torch.float16)
tensor(0.5107, dtype=torch.float16) tensor(0., dtype=torch.float16)
tensor(0.1078, dtype=torch.float16) tensor(0., dtype=torch.float16)
tensor(2.7012, dtype=torch.float16) tensor(0., dtype=torch.float16)
tensor(1.8672, dtype=torch.float16) tensor(9.5367e-07, dtype=torch.float16)
tensor(0.3237, dtype=torch.float16) tensor(0.0007, dtype=torch.float16)
tensor(22.5156, dtype=torch.float16) tensor(1.7236, dtype=torch.float16)
tensor(0.3228, dtype=torch.float16) tensor(0.0016, dtype=torch.float16)
tensor(0.4155, dtype=torch.float16) tensor(0.0021, dtype=torch.float16)
tensor(0.8667, dtype=torch.float16) tensor(0., dtype=torch.float16)
tensor(1.6533, dtype=torch.float16) tensor(3.4571e-06, dtype=torch.float16)
tensor(0.6719, dtype=torch.float16) tensor(0.0002, dtype=torch.float16)
tensor(36.0625, dtype=torch.float16) tensor(2.2500, dtype=torch.float16)
tensor(0.6704, dtype=torch.float16) tensor(0.0027, dtype=torch.float16)
tensor(0.0840, dtype=torch.float16) tensor(0.0027, dtype=torch.float16)
tensor(1.2666, dtype=torch.float16) tensor(0., dtype=torch.float16)
tensor(0.6021, dtype=torch.float16) tensor(0., dtype=torch.float16)
tensor(0.2172, dtype=torch.float16) tensor(5.9605e-07, dtype=torch.float16)
tensor(316.2500, dtype=torch.float16) tensor(6.5469, dtype=torch.float16)
tensor(0.2056, dtype=torch.float16) tensor(5.3644e-07, dtype=torch.float16)
tensor(0.0152, dtype=torch.float16) tensor(0., dtype=torch.float16)
tensor(2.4492, dtype=torch.float16) tensor(0., dtype=torch.float16)
tensor(1.6318, dtype=torch.float16) tensor(2.3842e-07, dtype=torch.float16)
tensor(0.4675, dtype=torch.float16) tensor(0.0008, dtype=torch.float16)
tensor(9.5859, dtype=torch.float16) tensor(1.9014, dtype=torch.float16)
tensor(0.3433, dtype=torch.float16) tensor(0.0007, dtype=torch.float16)
tensor(0.1095, dtype=torch.float16) tensor(0.0102, dtype=torch.float16)
tensor(1.4443, dtype=torch.float16) tensor(0., dtype=torch.float16)
tensor(1.0381, dtype=torch.float16) tensor(4.0531e-06, dtype=torch.float16)
tensor(0.3457, dtype=torch.float16) tensor(0.0007, dtype=torch.float16)
tensor(14.2734, dtype=torch.float16) tensor(3.8672, dtype=torch.float16)
tensor(0.3457, dtype=torch.float16) tensor(0.0004, dtype=torch.float16)
tensor(0.0508, dtype=torch.float16) tensor(0.0074, dtype=torch.float16)
tensor(1.0928, dtype=torch.float16) tensor(0., dtype=torch.float16)
tensor(0.4902, dtype=torch.float16) tensor(4.1723e-07, dtype=torch.float16)
tensor(0.1080, dtype=torch.float16) tensor(2.3782e-05, dtype=torch.float16)
tensor(82.4375, dtype=torch.float16) tensor(8.1562, dtype=torch.float16)
tensor(0.1044, dtype=torch.float16) tensor(9.4116e-05, dtype=torch.float16)
tensor(0.0093, dtype=torch.float16) tensor(0.0001, dtype=torch.float16)
tensor(2.9727, dtype=torch.float16) tensor(0., dtype=torch.float16)
tensor(0.9956, dtype=torch.float16) tensor(1.1921e-07, dtype=torch.float16)
tensor(0.2903, dtype=torch.float16) tensor(5.4061e-05, dtype=torch.float16)
tensor(9.3750, dtype=torch.float16) tensor(5.1875, dtype=torch.float16)
tensor(0.2764, dtype=torch.float16) tensor(0.0027, dtype=torch.float16)
tensor(0.0406, dtype=torch.float16) tensor(0.0108, dtype=torch.float16)
tensor(1.0898, dtype=torch.float16) tensor(0., dtype=torch.float16)
tensor(0.8203, dtype=torch.float16) tensor(2.4438e-06, dtype=torch.float16)
tensor(0.4634, dtype=torch.float16) tensor(0.0030, dtype=torch.float16)
tensor(12.3203, dtype=torch.float16) tensor(5.9141, dtype=torch.float16)
tensor(0.4644, dtype=torch.float16) tensor(0.0002, dtype=torch.float16)
tensor(0.0424, dtype=torch.float16) tensor(0.0081, dtype=torch.float16)
tensor(0.8931, dtype=torch.float16) tensor(0., dtype=torch.float16)
tensor(0.3552, dtype=torch.float16) tensor(1.7881e-07, dtype=torch.float16)
tensor(0.1487, dtype=torch.float16) tensor(3.7014e-05, dtype=torch.float16)
tensor(125.1875, dtype=torch.float16) tensor(16.1562, dtype=torch.float16)
tensor(0.1427, dtype=torch.float16) tensor(1.3053e-05, dtype=torch.float16)
tensor(0.0045, dtype=torch.float16) tensor(5.6207e-05, dtype=torch.float16)
tensor(2.9551, dtype=torch.float16) tensor(0., dtype=torch.float16)
tensor(1.6562, dtype=torch.float16) tensor(5.9605e-07, dtype=torch.float16)
tensor(0.3997, dtype=torch.float16) tensor(0.0034, dtype=torch.float16)
tensor(9.2266, dtype=torch.float16) tensor(2.0215, dtype=torch.float16)
tensor(0.3918, dtype=torch.float16) tensor(0.0012, dtype=torch.float16)
tensor(0.0819, dtype=torch.float16) tensor(0.0156, dtype=torch.float16)
tensor(2.5020, dtype=torch.float16) tensor(0., dtype=torch.float16)
tensor(0.8291, dtype=torch.float16) tensor(1.1921e-07, dtype=torch.float16)
tensor(0.2952, dtype=torch.float16) tensor(7.6890e-06, dtype=torch.float16)
tensor(12.6484, dtype=torch.float16) tensor(4.6445, dtype=torch.float16)
tensor(0.2817, dtype=torch.float16) tensor(0.0001, dtype=torch.float16)
tensor(0.0944, dtype=torch.float16) tensor(0.0148, dtype=torch.float16)
tensor(1.3799, dtype=torch.float16) tensor(0., dtype=torch.float16)
tensor(0.7354, dtype=torch.float16) tensor(0., dtype=torch.float16)
tensor(0.3206, dtype=torch.float16) tensor(5.9605e-08, dtype=torch.float16)
tensor(316.2500, dtype=torch.float16) tensor(7.2500, dtype=torch.float16)
tensor(0.3208, dtype=torch.float16) tensor(0., dtype=torch.float16)
tensor(0.0149, dtype=torch.float16) tensor(0., dtype=torch.float16)
tensor(0.9551, dtype=torch.float16) tensor(0., dtype=torch.float16)
tensor(0.3201, dtype=torch.float16) tensor(5.9605e-08, dtype=torch.float16)
tensor(316.2500, dtype=torch.float16) tensor(5.2070, dtype=torch.float16)
tensor(0.3137, dtype=torch.float16) tensor(0., dtype=torch.float16)
tensor(0.0387, dtype=torch.float16) tensor(0., dtype=torch.float16)
tensor(2.3594, dtype=torch.float16) tensor(0., dtype=torch.float16)
tensor(3.3066, dtype=torch.float16) tensor(2.0862e-06, dtype=torch.float16)
tensor(0.8330, dtype=torch.float16) tensor(0.0006, dtype=torch.float16)
tensor(12.0547, dtype=torch.float16) tensor(2.7520, dtype=torch.float16)
tensor(0.8779, dtype=torch.float16) tensor(0.0013, dtype=torch.float16)
tensor(0.0802, dtype=torch.float16) tensor(0.0084, dtype=torch.float16)
tensor(2.9082, dtype=torch.float16) tensor(0., dtype=torch.float16)
tensor(2.3750, dtype=torch.float16) tensor(7.7486e-07, dtype=torch.float16)
tensor(0.8828, dtype=torch.float16) tensor(0.0006, dtype=torch.float16)
tensor(16.0469, dtype=torch.float16) tensor(3.5781, dtype=torch.float16)
tensor(0.8955, dtype=torch.float16) tensor(0.0002, dtype=torch.float16)
tensor(0.0710, dtype=torch.float16) tensor(0.0092, dtype=torch.float16)
tensor(2.3711, dtype=torch.float16) tensor(0., dtype=torch.float16)
tensor(1.7197, dtype=torch.float16) tensor(0., dtype=torch.float16)
tensor(0.1663, dtype=torch.float16) tensor(7.7486e-07, dtype=torch.float16)
tensor(316.2500, dtype=torch.float16) tensor(6.1484, dtype=torch.float16)
tensor(0.1559, dtype=torch.float16) tensor(1.3709e-06, dtype=torch.float16)
tensor(0.0132, dtype=torch.float16) tensor(0., dtype=torch.float16)
tensor(4.8047, dtype=torch.float16) tensor(0., dtype=torch.float16)
tensor(1.0732, dtype=torch.float16) tensor(2.5630e-06, dtype=torch.float16)
tensor(0.1970, dtype=torch.float16) tensor(0.0001, dtype=torch.float16)
tensor(14.4453, dtype=torch.float16) tensor(4.9648, dtype=torch.float16)
tensor(0.2173, dtype=torch.float16) tensor(8.7261e-05, dtype=torch.float16)
tensor(0.0489, dtype=torch.float16) tensor(0.0078, dtype=torch.float16)
tensor(1.4434, dtype=torch.float16) tensor(0., dtype=torch.float16)
tensor(0.6733, dtype=torch.float16) tensor(5.3644e-07, dtype=torch.float16)
tensor(0.3232, dtype=torch.float16) tensor(0.0004, dtype=torch.float16)
tensor(19.0625, dtype=torch.float16) tensor(5.2070, dtype=torch.float16)
tensor(0.3408, dtype=torch.float16) tensor(0.0010, dtype=torch.float16)
tensor(0.0532, dtype=torch.float16) tensor(0.0069, dtype=torch.float16)
tensor(1.4180, dtype=torch.float16) tensor(0., dtype=torch.float16)
tensor(0.5488, dtype=torch.float16) tensor(5.9605e-08, dtype=torch.float16)
tensor(0.1168, dtype=torch.float16) tensor(1.6689e-06, dtype=torch.float16)
tensor(316.2500, dtype=torch.float16) tensor(13.2578, dtype=torch.float16)
tensor(0.1151, dtype=torch.float16) tensor(1.5497e-06, dtype=torch.float16)
tensor(0.0060, dtype=torch.float16) tensor(0., dtype=torch.float16)
tensor(3.5449, dtype=torch.float16) tensor(0., dtype=torch.float16)
tensor(1.3721, dtype=torch.float16) tensor(1.6689e-06, dtype=torch.float16)
tensor(0.2224, dtype=torch.float16) tensor(0.0006, dtype=torch.float16)
tensor(15.0938, dtype=torch.float16) tensor(5.2539, dtype=torch.float16)
tensor(0.2588, dtype=torch.float16) tensor(0.0004, dtype=torch.float16)
tensor(0.0463, dtype=torch.float16) tensor(0.0084, dtype=torch.float16)
tensor(1.6826, dtype=torch.float16) tensor(0., dtype=torch.float16)
tensor(0.8809, dtype=torch.float16) tensor(7.0333e-06, dtype=torch.float16)
tensor(0.3618, dtype=torch.float16) tensor(0.0002, dtype=torch.float16)
tensor(19.5469, dtype=torch.float16) tensor(6.6680, dtype=torch.float16)
tensor(0.3752, dtype=torch.float16) tensor(0.0002, dtype=torch.float16)
tensor(0.0431, dtype=torch.float16) tensor(0.0051, dtype=torch.float16)
tensor(1.5273, dtype=torch.float16) tensor(0., dtype=torch.float16)
tensor(1.4307, dtype=torch.float16) tensor(0., dtype=torch.float16)
tensor(0.0789, dtype=torch.float16) tensor(1.0729e-06, dtype=torch.float16)
tensor(316.2500, dtype=torch.float16) tensor(8.1953, dtype=torch.float16)
tensor(0.0753, dtype=torch.float16) tensor(1.0729e-06, dtype=torch.float16)
tensor(0.0081, dtype=torch.float16) tensor(0., dtype=torch.float16)
tensor(4.3438, dtype=torch.float16) tensor(0., dtype=torch.float16)
tensor(1.3398, dtype=torch.float16) tensor(1.3709e-06, dtype=torch.float16)
tensor(0.2073, dtype=torch.float16) tensor(0.0005, dtype=torch.float16)
tensor(15.0703, dtype=torch.float16) tensor(6.2344, dtype=torch.float16)
tensor(0.2377, dtype=torch.float16) tensor(0.0005, dtype=torch.float16)
tensor(0.0304, dtype=torch.float16) tensor(0.0080, dtype=torch.float16)
tensor(1.7695, dtype=torch.float16) tensor(0., dtype=torch.float16)
tensor(0.8237, dtype=torch.float16) tensor(9.1195e-06, dtype=torch.float16)
tensor(0.2771, dtype=torch.float16) tensor(8.2493e-05, dtype=torch.float16)
tensor(21.0156, dtype=torch.float16) tensor(7.1328, dtype=torch.float16)
tensor(0.2876, dtype=torch.float16) tensor(0.0020, dtype=torch.float16)
tensor(0.0251, dtype=torch.float16) tensor(0.0050, dtype=torch.float16)
tensor(1.3340, dtype=torch.float16) tensor(0., dtype=torch.float16)
tensor(0.3892, dtype=torch.float16) tensor(1.1921e-07, dtype=torch.float16)
tensor(0.1152, dtype=torch.float16) tensor(3.5167e-06, dtype=torch.float16)
tensor(116.3125, dtype=torch.float16) tensor(12.6094, dtype=torch.float16)
tensor(0.1143, dtype=torch.float16) tensor(5.9307e-05, dtype=torch.float16)
tensor(0.0048, dtype=torch.float16) tensor(7.4208e-05, dtype=torch.float16)
tensor(4.5547, dtype=torch.float16) tensor(0., dtype=torch.float16)
tensor(1.9639, dtype=torch.float16) tensor(5.9605e-08, dtype=torch.float16)
tensor(0.1746, dtype=torch.float16) tensor(0.0003, dtype=torch.float16)
tensor(17.7500, dtype=torch.float16) tensor(5.6016, dtype=torch.float16)
tensor(0.1819, dtype=torch.float16) tensor(0.0002, dtype=torch.float16)
tensor(0.0431, dtype=torch.float16) tensor(0.0075, dtype=torch.float16)
tensor(2.8672, dtype=torch.float16) tensor(0., dtype=torch.float16)
tensor(1.7373, dtype=torch.float16) tensor(1.6689e-06, dtype=torch.float16)
tensor(0.2153, dtype=torch.float16) tensor(7.5102e-06, dtype=torch.float16)
tensor(18.4375, dtype=torch.float16) tensor(4.3281, dtype=torch.float16)
tensor(0.2344, dtype=torch.float16) tensor(0.0011, dtype=torch.float16)
tensor(0.0521, dtype=torch.float16) tensor(0.0055, dtype=torch.float16)
tensor(2.6484, dtype=torch.float16) tensor(0., dtype=torch.float16)
tensor(1.4785, dtype=torch.float16) tensor(5.9605e-08, dtype=torch.float16)
tensor(0.1081, dtype=torch.float16) tensor(0.0002, dtype=torch.float16)
tensor(83.7500, dtype=torch.float16) tensor(6.6250, dtype=torch.float16)
tensor(0.1122, dtype=torch.float16) tensor(3.4034e-05, dtype=torch.float16)
tensor(0.0156, dtype=torch.float16) tensor(0.0002, dtype=torch.float16)
tensor(4.8477, dtype=torch.float16) tensor(0., dtype=torch.float16)
tensor(1.5811, dtype=torch.float16) tensor(9.5367e-07, dtype=torch.float16)
tensor(0.1638, dtype=torch.float16) tensor(0.0004, dtype=torch.float16)
tensor(17.5312, dtype=torch.float16) tensor(5.3008, dtype=torch.float16)
tensor(0.2041, dtype=torch.float16) tensor(4.7684e-06, dtype=torch.float16)
tensor(0.0333, dtype=torch.float16) tensor(0.0076, dtype=torch.float16)
tensor(2.3516, dtype=torch.float16) tensor(0., dtype=torch.float16)
tensor(2.7988, dtype=torch.float16) tensor(5.9605e-08, dtype=torch.float16)
tensor(0.3135, dtype=torch.float16) tensor(0.0001, dtype=torch.float16)
tensor(20.1406, dtype=torch.float16) tensor(2.0156, dtype=torch.float16)
tensor(0.3132, dtype=torch.float16) tensor(0.0024, dtype=torch.float16)
tensor(0.2178, dtype=torch.float16) tensor(0.0081, dtype=torch.float16)
tensor(1.6465, dtype=torch.float16) tensor(0., dtype=torch.float16)
tensor(1.1836, dtype=torch.float16) tensor(1.1921e-07, dtype=torch.float16)
tensor(0.2266, dtype=torch.float16) tensor(5.6624e-06, dtype=torch.float16)
tensor(84.1875, dtype=torch.float16) tensor(5.4688, dtype=torch.float16)
tensor(0.2256, dtype=torch.float16) tensor(1.4544e-05, dtype=torch.float16)
tensor(0.0204, dtype=torch.float16) tensor(0.0002, dtype=torch.float16)
tensor(1.5840, dtype=torch.float16) tensor(5.3644e-07, dtype=torch.float16)
tensor(0.0986, dtype=torch.float16) tensor(1.7881e-05, dtype=torch.float16)
tensor(78.4375, dtype=torch.float16) tensor(4.3516, dtype=torch.float16)
tensor(0.0990, dtype=torch.float16) tensor(5.3644e-06, dtype=torch.float16)
tensor(0.0235, dtype=torch.float16) tensor(0.0003, dtype=torch.float16)
tensor(6.4062, dtype=torch.float16) tensor(0., dtype=torch.float16)
tensor(4.2930, dtype=torch.float16) tensor(1.1921e-06, dtype=torch.float16)
tensor(1.0273, dtype=torch.float16) tensor(0.0037, dtype=torch.float16)
tensor(4.7383, dtype=torch.float16) tensor(1.3584, dtype=torch.float16)
tensor(1.1143, dtype=torch.float16) tensor(0.0064, dtype=torch.float16)
tensor(0.4473, dtype=torch.float16) tensor(0.0875, dtype=torch.float16)
tensor(0.8872, dtype=torch.float16) tensor(0., dtype=torch.float16)
tensor(0.8472, dtype=torch.float16) tensor(8.9407e-06, dtype=torch.float16)
tensor(0.4448, dtype=torch.float16) tensor(0.0013, dtype=torch.float16)
tensor(24.0156, dtype=torch.float16) tensor(4.8359, dtype=torch.float16)
tensor(0.4485, dtype=torch.float16) tensor(0.0006, dtype=torch.float16)
tensor(0.0472, dtype=torch.float16) tensor(0.0078, dtype=torch.float16)
tensor(0.6792, dtype=torch.float16) tensor(0., dtype=torch.float16)
tensor(0.4595, dtype=torch.float16) tensor(2.9802e-07, dtype=torch.float16)
tensor(0.1852, dtype=torch.float16) tensor(8.6427e-06, dtype=torch.float16)
tensor(83.1875, dtype=torch.float16) tensor(9., dtype=torch.float16)
tensor(0.1703, dtype=torch.float16) tensor(9.5367e-07, dtype=torch.float16)
tensor(0.0082, dtype=torch.float16) tensor(0.0002, dtype=torch.float16)
tensor(7.8672, dtype=torch.float16) tensor(0., dtype=torch.float16)
tensor(4.3594, dtype=torch.float16) tensor(3.3796e-05, dtype=torch.float16)
tensor(2.1953, dtype=torch.float16) tensor(0.0003, dtype=torch.float16)
tensor(3.5273, dtype=torch.float16) tensor(0.7886, dtype=torch.float16)
tensor(2.2852, dtype=torch.float16) tensor(8.3923e-05, dtype=torch.float16)
tensor(1.2520, dtype=torch.float16) tensor(0.1851, dtype=torch.float16)
tensor(0.9844, dtype=torch.float16) tensor(0., dtype=torch.float16)
tensor(0.3711, dtype=torch.float16) tensor(1.2517e-05, dtype=torch.float16)
tensor(0.1495, dtype=torch.float16) tensor(0.0035, dtype=torch.float16)
tensor(33.1875, dtype=torch.float16) tensor(8.4609, dtype=torch.float16)
tensor(0.1482, dtype=torch.float16) tensor(0.0219, dtype=torch.float16)
tensor(0.0227, dtype=torch.float16) tensor(0.0073, dtype=torch.float16)
tensor(0.6104, dtype=torch.float16) tensor(0., dtype=torch.float16)
tensor(0.3572, dtype=torch.float16) tensor(5.3644e-07, dtype=torch.float16)
tensor(0.0549, dtype=torch.float16) tensor(1.5497e-05, dtype=torch.float16)
tensor(125.7500, dtype=torch.float16) tensor(12.3984, dtype=torch.float16)
tensor(0.0479, dtype=torch.float16) tensor(1.4305e-06, dtype=torch.float16)
tensor(0.0039, dtype=torch.float16) tensor(4.6670e-05, dtype=torch.float16)
tensor(8.8125, dtype=torch.float16) tensor(0., dtype=torch.float16)
tensor(1.1670, dtype=torch.float16) tensor(0.1738, dtype=torch.float16)
tensor(0.7373, dtype=torch.float16) tensor(0., dtype=torch.float16)
tensor(0.9990, dtype=torch.float16) tensor(0.0001, dtype=torch.float16)
>>>>>>> outputs 
tensor(1.0391) tensor(0.)
tensor(0.8521, dtype=torch.float16) tensor(0., dtype=torch.float16)
tensor(0.1117, dtype=torch.float16) tensor(0., dtype=torch.float16)
tensor(0.3311) tensor(0.)
tensor(0.2593, dtype=torch.float16) tensor(0., dtype=torch.float16)
tensor(0.1855, dtype=torch.float16) tensor(0., dtype=torch.float16)
tensor(0.1921) tensor(0.)
tensor(0.3096, dtype=torch.float16) tensor(0., dtype=torch.float16)
tensor(0.1711, dtype=torch.float16) tensor(0., dtype=torch.float16)
tensor(0.1428) tensor(0.)
tensor(0.2693, dtype=torch.float16) tensor(0., dtype=torch.float16)
tensor(0.1696, dtype=torch.float16) tensor(0., dtype=torch.float16)
tensor(0.4395) tensor(0.)
tensor(0.3733, dtype=torch.float16) tensor(0., dtype=torch.float16)
tensor(0.1696, dtype=torch.float16) tensor(0., dtype=torch.float16)
tensor(0.1072) tensor(0.)
tensor(0.2480, dtype=torch.float16) tensor(0., dtype=torch.float16)
tensor(0.1376, dtype=torch.float16) tensor(0., dtype=torch.float16)
tensor(0.0932) tensor(0.)
tensor(0.2830, dtype=torch.float16) tensor(0.0004, dtype=torch.float16)
tensor(0.1570, dtype=torch.float16) tensor(0.0005, dtype=torch.float16)
tensor(0.1923) tensor(0.)
tensor(0.2222, dtype=torch.float16) tensor(0., dtype=torch.float16)
tensor(0.1285, dtype=torch.float16) tensor(0., dtype=torch.float16)
tensor(0.1136) tensor(0.)
tensor(0.2430, dtype=torch.float16) tensor(0.0034, dtype=torch.float16)
tensor(0.1946, dtype=torch.float16) tensor(0.0003, dtype=torch.float16)
tensor(0.1704) tensor(2.3842e-07)
tensor(0.2878, dtype=torch.float16) tensor(0.0007, dtype=torch.float16)
tensor(0.2469, dtype=torch.float16) tensor(0.0026, dtype=torch.float16)
tensor(0.1401) tensor(0.)
tensor(0.2715, dtype=torch.float16) tensor(0.0003, dtype=torch.float16)
tensor(0.1126, dtype=torch.float16) tensor(9.5367e-07, dtype=torch.float16)
tensor(0.2108) tensor(3.1590e-06)
tensor(0.3325, dtype=torch.float16) tensor(0.0007, dtype=torch.float16)
tensor(0.3140, dtype=torch.float16) tensor(7.2718e-06, dtype=torch.float16)
tensor(0.1588) tensor(1.1921e-07)
tensor(0.3569, dtype=torch.float16) tensor(0.0003, dtype=torch.float16)
tensor(0.2986, dtype=torch.float16) tensor(0.0006, dtype=torch.float16)
tensor(0.1677) tensor(0.)
tensor(0.3203, dtype=torch.float16) tensor(0., dtype=torch.float16)
tensor(0.2493, dtype=torch.float16) tensor(0., dtype=torch.float16)
tensor(0.3147) tensor(0.)
tensor(0.4019, dtype=torch.float16) tensor(0., dtype=torch.float16)
tensor(0.2493, dtype=torch.float16) tensor(0., dtype=torch.float16)
tensor(0.0826) tensor(0.)
tensor(0.2803, dtype=torch.float16) tensor(0.0009, dtype=torch.float16)
tensor(0.2335, dtype=torch.float16) tensor(0.0004, dtype=torch.float16)
tensor(0.1090) tensor(5.9605e-08)
tensor(0.2219, dtype=torch.float16) tensor(0.0023, dtype=torch.float16)
tensor(0.2094, dtype=torch.float16) tensor(0.0005, dtype=torch.float16)
tensor(0.2201) tensor(0.)
tensor(0.4832, dtype=torch.float16) tensor(0., dtype=torch.float16)
tensor(0.2505, dtype=torch.float16) tensor(0., dtype=torch.float16)
tensor(0.1721) tensor(0.)
tensor(0.2605, dtype=torch.float16) tensor(0.0004, dtype=torch.float16)
tensor(0.2471, dtype=torch.float16) tensor(0.0012, dtype=torch.float16)
tensor(0.1365) tensor(1.1921e-07)
tensor(0.3992, dtype=torch.float16) tensor(0.0001, dtype=torch.float16)
tensor(0.2268, dtype=torch.float16) tensor(0.0013, dtype=torch.float16)
tensor(0.1626) tensor(1.1921e-07)
tensor(0.3455, dtype=torch.float16) tensor(2.2531e-05, dtype=torch.float16)
tensor(0.2727, dtype=torch.float16) tensor(1.0133e-05, dtype=torch.float16)
tensor(0.2354) tensor(3.5763e-07)
tensor(0.4724, dtype=torch.float16) tensor(0.0010, dtype=torch.float16)
tensor(0.3057, dtype=torch.float16) tensor(0.0006, dtype=torch.float16)
tensor(0.1586) tensor(0.)
tensor(0.4670, dtype=torch.float16) tensor(0.0018, dtype=torch.float16)
tensor(0.3206, dtype=torch.float16) tensor(0.0013, dtype=torch.float16)
tensor(0.1824) tensor(5.9605e-07)
tensor(0.3154, dtype=torch.float16) tensor(9.5367e-06, dtype=torch.float16)
tensor(0.1733, dtype=torch.float16) tensor(5.5432e-06, dtype=torch.float16)
tensor(0.2076) tensor(0.)
tensor(0.3201, dtype=torch.float16) tensor(3.9995e-05, dtype=torch.float16)
tensor(0.2747, dtype=torch.float16) tensor(0.0005, dtype=torch.float16)
tensor(0.1848) tensor(0.)
tensor(0.3457, dtype=torch.float16) tensor(0.0006, dtype=torch.float16)
tensor(0.1990, dtype=torch.float16) tensor(0.0001, dtype=torch.float16)
tensor(0.1233) tensor(0.)
tensor(0.2183, dtype=torch.float16) tensor(0., dtype=torch.float16)
tensor(0.1681, dtype=torch.float16) tensor(0., dtype=torch.float16)
tensor(0.1827) tensor(0.)
tensor(0.1884, dtype=torch.float16) tensor(0., dtype=torch.float16)
tensor(0.1681, dtype=torch.float16) tensor(0., dtype=torch.float16)
tensor(0.1229) tensor(0.)
tensor(0.2476, dtype=torch.float16) tensor(0.0004, dtype=torch.float16)
tensor(0.2438, dtype=torch.float16) tensor(4.7803e-05, dtype=torch.float16)
tensor(0.1628) tensor(0.)
tensor(0.2822, dtype=torch.float16) tensor(0.0002, dtype=torch.float16)
tensor(0.2130, dtype=torch.float16) tensor(0.0007, dtype=torch.float16)
tensor(0.1660) tensor(0.)
tensor(0.2142, dtype=torch.float16) tensor(0., dtype=torch.float16)
tensor(0.1744, dtype=torch.float16) tensor(0., dtype=torch.float16)
tensor(0.1528) tensor(0.)
tensor(0.2732, dtype=torch.float16) tensor(0.0003, dtype=torch.float16)
tensor(0.2186, dtype=torch.float16) tensor(4.4823e-05, dtype=torch.float16)
tensor(0.0878) tensor(0.)
tensor(0.4128, dtype=torch.float16) tensor(0.0003, dtype=torch.float16)
tensor(0.2258, dtype=torch.float16) tensor(0.0004, dtype=torch.float16)
tensor(0.1190) tensor(0.)
tensor(0.4392, dtype=torch.float16) tensor(0., dtype=torch.float16)
tensor(0.1704, dtype=torch.float16) tensor(0., dtype=torch.float16)
tensor(0.1147) tensor(0.)
tensor(0.3044, dtype=torch.float16) tensor(2.7895e-05, dtype=torch.float16)
tensor(0.1781, dtype=torch.float16) tensor(0.0012, dtype=torch.float16)
tensor(0.1039) tensor(0.)
tensor(0.3767, dtype=torch.float16) tensor(0.0008, dtype=torch.float16)
tensor(0.2573, dtype=torch.float16) tensor(0.0001, dtype=torch.float16)
tensor(0.1384) tensor(0.)
tensor(0.2241, dtype=torch.float16) tensor(0., dtype=torch.float16)
tensor(0.1719, dtype=torch.float16) tensor(0., dtype=torch.float16)
tensor(0.1548) tensor(0.)
tensor(0.2837, dtype=torch.float16) tensor(3.5226e-05, dtype=torch.float16)
tensor(0.2092, dtype=torch.float16) tensor(3.8147e-06, dtype=torch.float16)
tensor(0.1409) tensor(0.)
tensor(0.2379, dtype=torch.float16) tensor(0.0002, dtype=torch.float16)
tensor(0.1685, dtype=torch.float16) tensor(0.0003, dtype=torch.float16)
tensor(0.1085) tensor(0.)
tensor(0.2300, dtype=torch.float16) tensor(6.0260e-05, dtype=torch.float16)
tensor(0.1232, dtype=torch.float16) tensor(2.0504e-05, dtype=torch.float16)
tensor(0.1799) tensor(0.)
tensor(0.2435, dtype=torch.float16) tensor(0.0001, dtype=torch.float16)
tensor(0.1932, dtype=torch.float16) tensor(7.6294e-06, dtype=torch.float16)
tensor(0.1896) tensor(0.)
tensor(0.1639, dtype=torch.float16) tensor(0.0003, dtype=torch.float16)
tensor(0.1140, dtype=torch.float16) tensor(1.5616e-05, dtype=torch.float16)
tensor(0.1716) tensor(0.)
tensor(0.2512, dtype=torch.float16) tensor(0.0001, dtype=torch.float16)
tensor(0.1399, dtype=torch.float16) tensor(3.5167e-06, dtype=torch.float16)
tensor(0.1636) tensor(0.)
tensor(0.1848, dtype=torch.float16) tensor(0.0004, dtype=torch.float16)
tensor(0.1251, dtype=torch.float16) tensor(0.0001, dtype=torch.float16)
tensor(0.1554) tensor(0.)
tensor(0.1236, dtype=torch.float16) tensor(4.9949e-05, dtype=torch.float16)
tensor(0.1001, dtype=torch.float16) tensor(9.4771e-05, dtype=torch.float16)
tensor(0.0988) tensor(0.)
tensor(0.0637, dtype=torch.float16) tensor(2.2650e-05, dtype=torch.float16)
tensor(0.0527, dtype=torch.float16) tensor(1.7285e-06, dtype=torch.float16)
tensor(0.2078) tensor(0.)
tensor(0.0447, dtype=torch.float16) tensor(2.8610e-06, dtype=torch.float16)
tensor(0.0527, dtype=torch.float16) tensor(1.7285e-06, dtype=torch.float16)
tensor(0.1102) tensor(0.)
tensor(0.2266, dtype=torch.float16) tensor(0.0003, dtype=torch.float16)
tensor(0.1318, dtype=torch.float16) tensor(0.0002, dtype=torch.float16)
tensor(0.0754) tensor(0.)
tensor(0.1292, dtype=torch.float16) tensor(0.0002, dtype=torch.float16)
tensor(0.1099, dtype=torch.float16) tensor(0.0002, dtype=torch.float16)
tensor(0.0674) tensor(0.)
tensor(0.0717, dtype=torch.float16) tensor(4.6492e-06, dtype=torch.float16)
tensor(0.1027, dtype=torch.float16) tensor(2.0862e-06, dtype=torch.float16)
tensor(0.0676) tensor(0.)
tensor(0.1246, dtype=torch.float16) tensor(0.0002, dtype=torch.float16)
tensor(0.1019, dtype=torch.float16) tensor(5.7220e-05, dtype=torch.float16)
tensor(0.0708) tensor(0.)
tensor(0.0943, dtype=torch.float16) tensor(2.7537e-05, dtype=torch.float16)
tensor(0.0643, dtype=torch.float16) tensor(9.1791e-05, dtype=torch.float16)
tensor(0.0835) tensor(0.)
tensor(0.0873, dtype=torch.float16) tensor(1.9670e-06, dtype=torch.float16)
tensor(0.1251, dtype=torch.float16) tensor(3.2187e-06, dtype=torch.float16)
tensor(1.1660, dtype=torch.float16) tensor(2.2471e-05, dtype=torch.float16)
tensor(0.9990, dtype=torch.float16) tensor(0.0001, dtype=torch.float16)
